{"C:\\Users\\MF\\Desktop\\JS\\src\\components\\index.ts": {"path":"C:\\Users\\MF\\Desktop\\JS\\src\\components\\index.ts","statementMap":{},"fnMap":{},"branchMap":{},"s":{},"f":{},"b":{},"_coverageSchema":"1a1c01bbd47fc00a2c39e90264f33305004495a9","hash":"ff36294030870d84821e6eb4f08e40946d1e4fd9"}
,"C:\\Users\\MF\\Desktop\\JS\\src\\components\\error-boundary\\ErrorBoundary.tsx": {"path":"C:\\Users\\MF\\Desktop\\JS\\src\\components\\error-boundary\\ErrorBoundary.tsx","statementMap":{"0":{"start":{"line":8,"column":8},"end":{"line":8,"column":21}},"1":{"start":{"line":9,"column":8},"end":{"line":9,"column":41}},"2":{"start":{"line":13,"column":8},"end":{"line":13,"column":34}},"3":{"start":{"line":17,"column":8},"end":{"line":17,"column":51}},"4":{"start":{"line":21,"column":8},"end":{"line":23,"column":34}}},"fnMap":{"0":{"name":"(anonymous_0)","decl":{"start":{"line":7,"column":4},"end":{"line":7,"column":5}},"loc":{"start":{"line":7,"column":28},"end":{"line":10,"column":7}},"line":7},"1":{"name":"(anonymous_1)","decl":{"start":{"line":12,"column":6},"end":{"line":12,"column":7}},"loc":{"start":{"line":12,"column":81},"end":{"line":14,"column":7}},"line":12},"2":{"name":"(anonymous_2)","decl":{"start":{"line":16,"column":6},"end":{"line":16,"column":7}},"loc":{"start":{"line":16,"column":66},"end":{"line":18,"column":7}},"line":16},"3":{"name":"(anonymous_3)","decl":{"start":{"line":20,"column":6},"end":{"line":20,"column":7}},"loc":{"start":{"line":20,"column":15},"end":{"line":24,"column":7}},"line":20}},"branchMap":{"0":{"loc":{"start":{"line":21,"column":15},"end":{"line":23,"column":33}},"type":"cond-expr","locations":[{"start":{"line":22,"column":15},"end":{"line":22,"column":48}},{"start":{"line":23,"column":14},"end":{"line":23,"column":33}}],"line":21}},"s":{"0":0,"1":0,"2":0,"3":0,"4":0},"f":{"0":0,"1":0,"2":0,"3":0},"b":{"0":[0,0]},"_coverageSchema":"1a1c01bbd47fc00a2c39e90264f33305004495a9","hash":"bf82c3572f540143f55d7856ab0f33b31332ed43"}
,"C:\\Users\\MF\\Desktop\\JS\\src\\components\\error-boundary\\index.ts": {"path":"C:\\Users\\MF\\Desktop\\JS\\src\\components\\error-boundary\\index.ts","statementMap":{},"fnMap":{},"branchMap":{},"s":{},"f":{},"b":{},"_coverageSchema":"1a1c01bbd47fc00a2c39e90264f33305004495a9","hash":"732fd0596b4b13f86a8d7e02016ef1969ba22717"}
,"C:\\Users\\MF\\Desktop\\JS\\src\\components\\forms\\fields.ts": {"path":"C:\\Users\\MF\\Desktop\\JS\\src\\components\\forms\\fields.ts","statementMap":{"0":{"start":{"line":1,"column":33},"end":{"line":8,"column":1}}},"fnMap":{},"branchMap":{},"s":{"0":2},"f":{},"b":{},"_coverageSchema":"1a1c01bbd47fc00a2c39e90264f33305004495a9","hash":"ec2d3d6bd8c576d5fd81ae16aecf8bc09b3045c8"}
,"C:\\Users\\MF\\Desktop\\JS\\src\\components\\forms\\index.ts": {"path":"C:\\Users\\MF\\Desktop\\JS\\src\\components\\forms\\index.ts","statementMap":{},"fnMap":{},"branchMap":{},"s":{},"f":{},"b":{},"_coverageSchema":"1a1c01bbd47fc00a2c39e90264f33305004495a9","hash":"5423be7038b9b2f58a3e7949c5c66e29989123aa"}
,"C:\\Users\\MF\\Desktop\\JS\\src\\components\\forms\\add-movie\\AddMovieForm.tsx": {"path":"C:\\Users\\MF\\Desktop\\JS\\src\\components\\forms\\add-movie\\AddMovieForm.tsx","statementMap":{"0":{"start":{"line":15,"column":42},"end":{"line":25,"column":1}},"1":{"start":{"line":16,"column":4},"end":{"line":24,"column":5}},"2":{"start":{"line":19,"column":16},"end":{"line":21,"column":28}},"3":{"start":{"line":20,"column":54},"end":{"line":20,"column":139}}},"fnMap":{"0":{"name":"(anonymous_0)","decl":{"start":{"line":15,"column":42},"end":{"line":15,"column":43}},"loc":{"start":{"line":15,"column":48},"end":{"line":25,"column":1}},"line":15},"1":{"name":"(anonymous_1)","decl":{"start":{"line":18,"column":35},"end":{"line":18,"column":36}},"loc":{"start":{"line":19,"column":16},"end":{"line":21,"column":28}},"line":19},"2":{"name":"(anonymous_2)","decl":{"start":{"line":20,"column":21},"end":{"line":20,"column":22}},"loc":{"start":{"line":20,"column":54},"end":{"line":20,"column":139}},"line":20}},"branchMap":{},"s":{"0":2,"1":280,"2":1680,"3":226},"f":{"0":280,"1":1680,"2":226},"b":{},"_coverageSchema":"1a1c01bbd47fc00a2c39e90264f33305004495a9","hash":"5c8dd168d6819f55373198ea13d241a317393649"}
,"C:\\Users\\MF\\Desktop\\JS\\src\\components\\forms\\add-movie\\index.ts": {"path":"C:\\Users\\MF\\Desktop\\JS\\src\\components\\forms\\add-movie\\index.ts","statementMap":{},"fnMap":{},"branchMap":{},"s":{},"f":{},"b":{},"_coverageSchema":"1a1c01bbd47fc00a2c39e90264f33305004495a9","hash":"ec528c53ffde08dd68e8739227f6eb41d3610ea6"}
,"C:\\Users\\MF\\Desktop\\JS\\src\\components\\forms\\edit-movie\\EditMovieForm.tsx": {"path":"C:\\Users\\MF\\Desktop\\JS\\src\\components\\forms\\edit-movie\\EditMovieForm.tsx","statementMap":{"0":{"start":{"line":7,"column":11},"end":{"line":7,"column":26}},"1":{"start":{"line":19,"column":40},"end":{"line":29,"column":1}},"2":{"start":{"line":20,"column":20},"end":{"line":20,"column":84}},"3":{"start":{"line":21,"column":17},"end":{"line":21,"column":65}},"4":{"start":{"line":22,"column":24},"end":{"line":22,"column":44}},"5":{"start":{"line":23,"column":4},"end":{"line":28,"column":5}},"6":{"start":{"line":33,"column":5},"end":{"line":44,"column":1}},"7":{"start":{"line":34,"column":4},"end":{"line":43,"column":5}},"8":{"start":{"line":38,"column":16},"end":{"line":40,"column":28}},"9":{"start":{"line":39,"column":54},"end":{"line":39,"column":117}}},"fnMap":{"0":{"name":"(anonymous_0)","decl":{"start":{"line":19,"column":40},"end":{"line":19,"column":41}},"loc":{"start":{"line":19,"column":52},"end":{"line":29,"column":1}},"line":19},"1":{"name":"(anonymous_1)","decl":{"start":{"line":33,"column":5},"end":{"line":33,"column":6}},"loc":{"start":{"line":33,"column":21},"end":{"line":44,"column":1}},"line":33},"2":{"name":"(anonymous_2)","decl":{"start":{"line":37,"column":35},"end":{"line":37,"column":36}},"loc":{"start":{"line":38,"column":16},"end":{"line":40,"column":28}},"line":38},"3":{"name":"(anonymous_3)","decl":{"start":{"line":39,"column":21},"end":{"line":39,"column":22}},"loc":{"start":{"line":39,"column":54},"end":{"line":39,"column":117}},"line":39}},"branchMap":{},"s":{"0":2,"1":2,"2":0,"3":0,"4":0,"5":0,"6":2,"7":0,"8":0,"9":0},"f":{"0":0,"1":0,"2":0,"3":0},"b":{},"_coverageSchema":"1a1c01bbd47fc00a2c39e90264f33305004495a9","hash":"0fb123e7401cfc0e293863e8a2d9e21f72d3375c"}
,"C:\\Users\\MF\\Desktop\\JS\\src\\components\\forms\\edit-movie\\index.ts": {"path":"C:\\Users\\MF\\Desktop\\JS\\src\\components\\forms\\edit-movie\\index.ts","statementMap":{},"fnMap":{},"branchMap":{},"s":{},"f":{},"b":{},"_coverageSchema":"1a1c01bbd47fc00a2c39e90264f33305004495a9","hash":"16505061d12f245ba39ad330c608cd831b115126"}
,"C:\\Users\\MF\\Desktop\\JS\\src\\components\\forms\\validations\\index.ts": {"path":"C:\\Users\\MF\\Desktop\\JS\\src\\components\\forms\\validations\\index.ts","statementMap":{},"fnMap":{},"branchMap":{},"s":{},"f":{},"b":{},"_coverageSchema":"1a1c01bbd47fc00a2c39e90264f33305004495a9","hash":"bf919d52414451332391c83c5eb54b361e10fe87"}
,"C:\\Users\\MF\\Desktop\\JS\\src\\components\\forms\\validations\\movie-schema.ts": {"path":"C:\\Users\\MF\\Desktop\\JS\\src\\components\\forms\\validations\\movie-schema.ts","statementMap":{"0":{"start":{"line":3,"column":27},"end":{"line":10,"column":12}}},"fnMap":{},"branchMap":{},"s":{"0":2},"f":{},"b":{},"_coverageSchema":"1a1c01bbd47fc00a2c39e90264f33305004495a9","hash":"aa1dd9ef1413947f98d802223a88849ed5acf5ff"}
,"C:\\Users\\MF\\Desktop\\JS\\src\\components\\layout\\index.ts": {"path":"C:\\Users\\MF\\Desktop\\JS\\src\\components\\layout\\index.ts","statementMap":{},"fnMap":{},"branchMap":{},"s":{},"f":{},"b":{},"_coverageSchema":"1a1c01bbd47fc00a2c39e90264f33305004495a9","hash":"3989fc7256c798ae4686143b1268e1f7d80ba2d7"}
,"C:\\Users\\MF\\Desktop\\JS\\src\\components\\layout\\content\\Article.tsx": {"path":"C:\\Users\\MF\\Desktop\\JS\\src\\components\\layout\\content\\Article.tsx","statementMap":{"0":{"start":{"line":7,"column":37},"end":{"line":13,"column":1}},"1":{"start":{"line":8,"column":4},"end":{"line":12,"column":5}}},"fnMap":{"0":{"name":"(anonymous_0)","decl":{"start":{"line":7,"column":37},"end":{"line":7,"column":38}},"loc":{"start":{"line":7,"column":48},"end":{"line":13,"column":1}},"line":7}},"branchMap":{},"s":{"0":2,"1":0},"f":{"0":0},"b":{},"_coverageSchema":"1a1c01bbd47fc00a2c39e90264f33305004495a9","hash":"193688ee85c4f68d0280e988a0461f9906b43403"}
,"C:\\Users\\MF\\Desktop\\JS\\src\\components\\layout\\content\\Main.tsx": {"path":"C:\\Users\\MF\\Desktop\\JS\\src\\components\\layout\\content\\Main.tsx","statementMap":{"0":{"start":{"line":4,"column":11},"end":{"line":4,"column":26}},"1":{"start":{"line":6,"column":53},"end":{"line":13,"column":1}},"2":{"start":{"line":7,"column":22},"end":{"line":7,"column":45}},"3":{"start":{"line":8,"column":4},"end":{"line":12,"column":5}}},"fnMap":{"0":{"name":"(anonymous_0)","decl":{"start":{"line":6,"column":53},"end":{"line":6,"column":54}},"loc":{"start":{"line":6,"column":64},"end":{"line":13,"column":1}},"line":6}},"branchMap":{"0":{"loc":{"start":{"line":9,"column":25},"end":{"line":9,"column":54}},"type":"binary-expr","locations":[{"start":{"line":9,"column":25},"end":{"line":9,"column":41}},{"start":{"line":9,"column":45},"end":{"line":9,"column":54}}],"line":9}},"s":{"0":2,"1":2,"2":0,"3":0},"f":{"0":0},"b":{"0":[0,0]},"_coverageSchema":"1a1c01bbd47fc00a2c39e90264f33305004495a9","hash":"5fd5456f94be209e6a0ea33dc24ffc0394e10574"}
,"C:\\Users\\MF\\Desktop\\JS\\src\\components\\layout\\content\\Section.tsx": {"path":"C:\\Users\\MF\\Desktop\\JS\\src\\components\\layout\\content\\Section.tsx","statementMap":{"0":{"start":{"line":7,"column":37},"end":{"line":13,"column":1}},"1":{"start":{"line":8,"column":4},"end":{"line":12,"column":5}}},"fnMap":{"0":{"name":"(anonymous_0)","decl":{"start":{"line":7,"column":37},"end":{"line":7,"column":38}},"loc":{"start":{"line":7,"column":48},"end":{"line":13,"column":1}},"line":7}},"branchMap":{},"s":{"0":2,"1":0},"f":{"0":0},"b":{},"_coverageSchema":"1a1c01bbd47fc00a2c39e90264f33305004495a9","hash":"0ddffa139abb0aa0ee832214401e455e2346c32f"}
,"C:\\Users\\MF\\Desktop\\JS\\src\\components\\layout\\content\\index.ts": {"path":"C:\\Users\\MF\\Desktop\\JS\\src\\components\\layout\\content\\index.ts","statementMap":{},"fnMap":{},"branchMap":{},"s":{},"f":{},"b":{},"_coverageSchema":"1a1c01bbd47fc00a2c39e90264f33305004495a9","hash":"749c27a2075fdceb63004f3e8b59825d41893314"}
,"C:\\Users\\MF\\Desktop\\JS\\src\\components\\layout\\footer\\Footer.tsx": {"path":"C:\\Users\\MF\\Desktop\\JS\\src\\components\\layout\\footer\\Footer.tsx","statementMap":{"0":{"start":{"line":4,"column":11},"end":{"line":4,"column":26}},"1":{"start":{"line":6,"column":36},"end":{"line":13,"column":1}},"2":{"start":{"line":7,"column":21},"end":{"line":7,"column":33}},"3":{"start":{"line":8,"column":4},"end":{"line":12,"column":5}}},"fnMap":{"0":{"name":"(anonymous_0)","decl":{"start":{"line":6,"column":36},"end":{"line":6,"column":37}},"loc":{"start":{"line":6,"column":47},"end":{"line":13,"column":1}},"line":6}},"branchMap":{},"s":{"0":2,"1":2,"2":0,"3":0},"f":{"0":0},"b":{},"_coverageSchema":"1a1c01bbd47fc00a2c39e90264f33305004495a9","hash":"c260539be4aa3ba8b6fc9e34d2dc07c0991fcbfc"}
,"C:\\Users\\MF\\Desktop\\JS\\src\\components\\layout\\footer\\index.ts": {"path":"C:\\Users\\MF\\Desktop\\JS\\src\\components\\layout\\footer\\index.ts","statementMap":{},"fnMap":{},"branchMap":{},"s":{},"f":{},"b":{},"_coverageSchema":"1a1c01bbd47fc00a2c39e90264f33305004495a9","hash":"a9eef237de339d482dec22c069dc666a18c06c04"}
,"C:\\Users\\MF\\Desktop\\JS\\src\\components\\layout\\header\\Header.tsx": {"path":"C:\\Users\\MF\\Desktop\\JS\\src\\components\\layout\\header\\Header.tsx","statementMap":{"0":{"start":{"line":4,"column":11},"end":{"line":4,"column":26}},"1":{"start":{"line":6,"column":55},"end":{"line":20,"column":1}},"2":{"start":{"line":9,"column":30},"end":{"line":13,"column":5}},"3":{"start":{"line":15,"column":4},"end":{"line":19,"column":5}}},"fnMap":{"0":{"name":"(anonymous_0)","decl":{"start":{"line":6,"column":55},"end":{"line":6,"column":56}},"loc":{"start":{"line":8,"column":5},"end":{"line":20,"column":1}},"line":8}},"branchMap":{"0":{"loc":{"start":{"line":7,"column":5},"end":{"line":7,"column":20}},"type":"default-arg","locations":[{"start":{"line":7,"column":18},"end":{"line":7,"column":20}}],"line":7},"1":{"loc":{"start":{"line":16,"column":27},"end":{"line":16,"column":58}},"type":"binary-expr","locations":[{"start":{"line":16,"column":27},"end":{"line":16,"column":37}},{"start":{"line":16,"column":41},"end":{"line":16,"column":58}}],"line":16}},"s":{"0":2,"1":2,"2":0,"3":0},"f":{"0":0},"b":{"0":[0],"1":[0,0]},"_coverageSchema":"1a1c01bbd47fc00a2c39e90264f33305004495a9","hash":"dbbbf050981a6458a6366c217acdae80b0954e28"}
,"C:\\Users\\MF\\Desktop\\JS\\src\\components\\layout\\header\\HeaderContent.tsx": {"path":"C:\\Users\\MF\\Desktop\\JS\\src\\components\\layout\\header\\HeaderContent.tsx","statementMap":{"0":{"start":{"line":4,"column":11},"end":{"line":4,"column":26}},"1":{"start":{"line":6,"column":62},"end":{"line":24,"column":1}},"2":{"start":{"line":9,"column":30},"end":{"line":15,"column":5}},"3":{"start":{"line":17,"column":4},"end":{"line":23,"column":5}}},"fnMap":{"0":{"name":"(anonymous_0)","decl":{"start":{"line":6,"column":62},"end":{"line":6,"column":63}},"loc":{"start":{"line":8,"column":5},"end":{"line":24,"column":1}},"line":8}},"branchMap":{"0":{"loc":{"start":{"line":7,"column":5},"end":{"line":7,"column":20}},"type":"default-arg","locations":[{"start":{"line":7,"column":18},"end":{"line":7,"column":20}}],"line":7},"1":{"loc":{"start":{"line":19,"column":28},"end":{"line":19,"column":59}},"type":"binary-expr","locations":[{"start":{"line":19,"column":28},"end":{"line":19,"column":38}},{"start":{"line":19,"column":42},"end":{"line":19,"column":59}}],"line":19}},"s":{"0":2,"1":2,"2":0,"3":0},"f":{"0":0},"b":{"0":[0],"1":[0,0]},"_coverageSchema":"1a1c01bbd47fc00a2c39e90264f33305004495a9","hash":"6ad9aa39420d1839f9c2f92db5d07018af6749e2"}
,"C:\\Users\\MF\\Desktop\\JS\\src\\components\\layout\\header\\HeaderRow.tsx": {"path":"C:\\Users\\MF\\Desktop\\JS\\src\\components\\layout\\header\\HeaderRow.tsx","statementMap":{"0":{"start":{"line":4,"column":11},"end":{"line":4,"column":26}},"1":{"start":{"line":15,"column":5},"end":{"line":33,"column":1}},"2":{"start":{"line":17,"column":30},"end":{"line":27,"column":6}},"3":{"start":{"line":28,"column":4},"end":{"line":32,"column":5}}},"fnMap":{"0":{"name":"(anonymous_0)","decl":{"start":{"line":15,"column":5},"end":{"line":15,"column":6}},"loc":{"start":{"line":16,"column":93},"end":{"line":33,"column":1}},"line":16}},"branchMap":{},"s":{"0":2,"1":2,"2":0,"3":0},"f":{"0":0},"b":{},"_coverageSchema":"1a1c01bbd47fc00a2c39e90264f33305004495a9","hash":"342e0f2a257f5e3514dd46f9d68aa7729a482974"}
,"C:\\Users\\MF\\Desktop\\JS\\src\\components\\layout\\header\\index.ts": {"path":"C:\\Users\\MF\\Desktop\\JS\\src\\components\\layout\\header\\index.ts","statementMap":{},"fnMap":{},"branchMap":{},"s":{},"f":{},"b":{},"_coverageSchema":"1a1c01bbd47fc00a2c39e90264f33305004495a9","hash":"6aebf9a8b024bce87d21f0dda4b77147d411c51c"}
,"C:\\Users\\MF\\Desktop\\JS\\src\\components\\layout\\navigation\\Menu.tsx": {"path":"C:\\Users\\MF\\Desktop\\JS\\src\\components\\layout\\navigation\\Menu.tsx","statementMap":{"0":{"start":{"line":5,"column":5},"end":{"line":11,"column":1}},"1":{"start":{"line":6,"column":4},"end":{"line":10,"column":5}}},"fnMap":{"0":{"name":"(anonymous_0)","decl":{"start":{"line":5,"column":5},"end":{"line":5,"column":6}},"loc":{"start":{"line":5,"column":33},"end":{"line":11,"column":1}},"line":5}},"branchMap":{},"s":{"0":2,"1":0},"f":{"0":0},"b":{},"_coverageSchema":"1a1c01bbd47fc00a2c39e90264f33305004495a9","hash":"ea58110bab1fdfffa7b06e20c1a1c362bdfe41c6"}
,"C:\\Users\\MF\\Desktop\\JS\\src\\components\\layout\\navigation\\Nav.tsx": {"path":"C:\\Users\\MF\\Desktop\\JS\\src\\components\\layout\\navigation\\Nav.tsx","statementMap":{"0":{"start":{"line":4,"column":11},"end":{"line":4,"column":26}},"1":{"start":{"line":6,"column":52},"end":{"line":13,"column":1}},"2":{"start":{"line":7,"column":22},"end":{"line":7,"column":62}},"3":{"start":{"line":8,"column":4},"end":{"line":12,"column":5}}},"fnMap":{"0":{"name":"(anonymous_0)","decl":{"start":{"line":6,"column":52},"end":{"line":6,"column":53}},"loc":{"start":{"line":6,"column":63},"end":{"line":13,"column":1}},"line":6}},"branchMap":{"0":{"loc":{"start":{"line":9,"column":24},"end":{"line":9,"column":53}},"type":"binary-expr","locations":[{"start":{"line":9,"column":24},"end":{"line":9,"column":40}},{"start":{"line":9,"column":44},"end":{"line":9,"column":53}}],"line":9}},"s":{"0":2,"1":2,"2":0,"3":0},"f":{"0":0},"b":{"0":[0,0]},"_coverageSchema":"1a1c01bbd47fc00a2c39e90264f33305004495a9","hash":"92985b0d39eca5ea0ba80445aa06163c4b86c865"}
,"C:\\Users\\MF\\Desktop\\JS\\src\\components\\layout\\navigation\\index.ts": {"path":"C:\\Users\\MF\\Desktop\\JS\\src\\components\\layout\\navigation\\index.ts","statementMap":{},"fnMap":{},"branchMap":{},"s":{},"f":{},"b":{},"_coverageSchema":"1a1c01bbd47fc00a2c39e90264f33305004495a9","hash":"3a10ed2252e32bd4673f75e2c803152afaaf0d19"}
,"C:\\Users\\MF\\Desktop\\JS\\src\\components\\modals\\index.ts": {"path":"C:\\Users\\MF\\Desktop\\JS\\src\\components\\modals\\index.ts","statementMap":{},"fnMap":{},"branchMap":{},"s":{},"f":{},"b":{},"_coverageSchema":"1a1c01bbd47fc00a2c39e90264f33305004495a9","hash":"4175b98bd115a9ea2fd1d339635ad5352cedc085"}
,"C:\\Users\\MF\\Desktop\\JS\\src\\components\\modals\\confirmation-dialog\\ConfirmationDialog.tsx": {"path":"C:\\Users\\MF\\Desktop\\JS\\src\\components\\modals\\confirmation-dialog\\ConfirmationDialog.tsx","statementMap":{"0":{"start":{"line":12,"column":11},"end":{"line":12,"column":26}},"1":{"start":{"line":14,"column":48},"end":{"line":27,"column":1}},"2":{"start":{"line":15,"column":26},"end":{"line":20,"column":5}},"3":{"start":{"line":22,"column":4},"end":{"line":26,"column":5}},"4":{"start":{"line":35,"column":5},"end":{"line":80,"column":1}},"5":{"start":{"line":42,"column":25},"end":{"line":47,"column":5}},"6":{"start":{"line":48,"column":32},"end":{"line":52,"column":5}},"7":{"start":{"line":54,"column":26},"end":{"line":57,"column":10}},"8":{"start":{"line":55,"column":8},"end":{"line":55,"column":33}},"9":{"start":{"line":56,"column":8},"end":{"line":56,"column":21}},"10":{"start":{"line":59,"column":24},"end":{"line":62,"column":10}},"11":{"start":{"line":60,"column":8},"end":{"line":60,"column":29}},"12":{"start":{"line":61,"column":8},"end":{"line":61,"column":21}},"13":{"start":{"line":64,"column":4},"end":{"line":79,"column":5}}},"fnMap":{"0":{"name":"(anonymous_0)","decl":{"start":{"line":14,"column":48},"end":{"line":14,"column":49}},"loc":{"start":{"line":14,"column":64},"end":{"line":27,"column":1}},"line":14},"1":{"name":"(anonymous_1)","decl":{"start":{"line":35,"column":5},"end":{"line":35,"column":6}},"loc":{"start":{"line":41,"column":6},"end":{"line":80,"column":1}},"line":41},"2":{"name":"(anonymous_2)","decl":{"start":{"line":54,"column":44},"end":{"line":54,"column":45}},"loc":{"start":{"line":54,"column":50},"end":{"line":57,"column":5}},"line":54},"3":{"name":"(anonymous_3)","decl":{"start":{"line":59,"column":42},"end":{"line":59,"column":43}},"loc":{"start":{"line":59,"column":48},"end":{"line":62,"column":5}},"line":59}},"branchMap":{"0":{"loc":{"start":{"line":55,"column":8},"end":{"line":55,"column":32}},"type":"binary-expr","locations":[{"start":{"line":55,"column":8},"end":{"line":55,"column":17}},{"start":{"line":55,"column":21},"end":{"line":55,"column":32}}],"line":55},"1":{"loc":{"start":{"line":60,"column":8},"end":{"line":60,"column":28}},"type":"binary-expr","locations":[{"start":{"line":60,"column":8},"end":{"line":60,"column":15}},{"start":{"line":60,"column":19},"end":{"line":60,"column":28}}],"line":60}},"s":{"0":2,"1":2,"2":0,"3":0,"4":2,"5":0,"6":0,"7":0,"8":0,"9":0,"10":0,"11":0,"12":0,"13":0},"f":{"0":0,"1":0,"2":0,"3":0},"b":{"0":[0,0],"1":[0,0]},"_coverageSchema":"1a1c01bbd47fc00a2c39e90264f33305004495a9","hash":"18be53b6fe6983811062b99495fb496ae0373322"}
,"C:\\Users\\MF\\Desktop\\JS\\src\\components\\modals\\confirmation-dialog\\index.ts": {"path":"C:\\Users\\MF\\Desktop\\JS\\src\\components\\modals\\confirmation-dialog\\index.ts","statementMap":{},"fnMap":{},"branchMap":{},"s":{},"f":{},"b":{},"_coverageSchema":"1a1c01bbd47fc00a2c39e90264f33305004495a9","hash":"b5671bcf388b358690378b37b535e402487b3253"}
,"C:\\Users\\MF\\Desktop\\JS\\src\\components\\modals\\modal\\ModalContainer.tsx": {"path":"C:\\Users\\MF\\Desktop\\JS\\src\\components\\modals\\modal\\ModalContainer.tsx","statementMap":{"0":{"start":{"line":4,"column":11},"end":{"line":4,"column":26}},"1":{"start":{"line":8,"column":5},"end":{"line":21,"column":1}},"2":{"start":{"line":11,"column":30},"end":{"line":14,"column":6}},"3":{"start":{"line":16,"column":4},"end":{"line":20,"column":5}}},"fnMap":{"0":{"name":"(anonymous_0)","decl":{"start":{"line":8,"column":5},"end":{"line":8,"column":6}},"loc":{"start":{"line":10,"column":5},"end":{"line":21,"column":1}},"line":10}},"branchMap":{},"s":{"0":2,"1":2,"2":1,"3":1},"f":{"0":1},"b":{},"_coverageSchema":"1a1c01bbd47fc00a2c39e90264f33305004495a9","hash":"c467c55b1bb4f8c4fb3c184dfb84146431c798cc"}
,"C:\\Users\\MF\\Desktop\\JS\\src\\components\\modals\\modal\\ModalContent.tsx": {"path":"C:\\Users\\MF\\Desktop\\JS\\src\\components\\modals\\modal\\ModalContent.tsx","statementMap":{"0":{"start":{"line":4,"column":11},"end":{"line":4,"column":26}},"1":{"start":{"line":8,"column":5},"end":{"line":21,"column":1}},"2":{"start":{"line":11,"column":30},"end":{"line":14,"column":6}},"3":{"start":{"line":16,"column":4},"end":{"line":20,"column":5}}},"fnMap":{"0":{"name":"(anonymous_0)","decl":{"start":{"line":8,"column":5},"end":{"line":8,"column":6}},"loc":{"start":{"line":10,"column":5},"end":{"line":21,"column":1}},"line":10}},"branchMap":{},"s":{"0":2,"1":2,"2":281,"3":281},"f":{"0":281},"b":{},"_coverageSchema":"1a1c01bbd47fc00a2c39e90264f33305004495a9","hash":"f3bfcd18ba6c5eff025b4d9fca24c9d756f72335"}
,"C:\\Users\\MF\\Desktop\\JS\\src\\components\\modals\\modal\\ModalFooter.tsx": {"path":"C:\\Users\\MF\\Desktop\\JS\\src\\components\\modals\\modal\\ModalFooter.tsx","statementMap":{"0":{"start":{"line":5,"column":11},"end":{"line":5,"column":26}},"1":{"start":{"line":11,"column":5},"end":{"line":24,"column":1}},"2":{"start":{"line":12,"column":30},"end":{"line":17,"column":6}},"3":{"start":{"line":19,"column":4},"end":{"line":23,"column":5}},"4":{"start":{"line":31,"column":5},"end":{"line":70,"column":1}},"5":{"start":{"line":34,"column":25},"end":{"line":39,"column":5}},"6":{"start":{"line":41,"column":25},"end":{"line":46,"column":5}},"7":{"start":{"line":48,"column":32},"end":{"line":52,"column":5}},"8":{"start":{"line":54,"column":32},"end":{"line":58,"column":5}},"9":{"start":{"line":60,"column":4},"end":{"line":69,"column":5}}},"fnMap":{"0":{"name":"(anonymous_0)","decl":{"start":{"line":11,"column":5},"end":{"line":11,"column":6}},"loc":{"start":{"line":11,"column":62},"end":{"line":24,"column":1}},"line":11},"1":{"name":"(anonymous_1)","decl":{"start":{"line":31,"column":5},"end":{"line":31,"column":6}},"loc":{"start":{"line":33,"column":5},"end":{"line":70,"column":1}},"line":33}},"branchMap":{},"s":{"0":2,"1":2,"2":281,"3":281,"4":2,"5":281,"6":281,"7":281,"8":281,"9":281},"f":{"0":281,"1":281},"b":{},"_coverageSchema":"1a1c01bbd47fc00a2c39e90264f33305004495a9","hash":"f916326af6e01a90426c2d6118b0eb0dae5fecaf"}
,"C:\\Users\\MF\\Desktop\\JS\\src\\components\\modals\\modal\\ModalHeader.tsx": {"path":"C:\\Users\\MF\\Desktop\\JS\\src\\components\\modals\\modal\\ModalHeader.tsx","statementMap":{"0":{"start":{"line":4,"column":11},"end":{"line":4,"column":26}},"1":{"start":{"line":6,"column":72},"end":{"line":21,"column":1}},"2":{"start":{"line":9,"column":30},"end":{"line":12,"column":6}},"3":{"start":{"line":14,"column":21},"end":{"line":14,"column":56}},"4":{"start":{"line":16,"column":4},"end":{"line":20,"column":5}}},"fnMap":{"0":{"name":"(anonymous_0)","decl":{"start":{"line":6,"column":72},"end":{"line":6,"column":73}},"loc":{"start":{"line":8,"column":5},"end":{"line":21,"column":1}},"line":8}},"branchMap":{"0":{"loc":{"start":{"line":7,"column":5},"end":{"line":7,"column":20}},"type":"default-arg","locations":[{"start":{"line":7,"column":18},"end":{"line":7,"column":20}}],"line":7}},"s":{"0":2,"1":2,"2":281,"3":281,"4":281},"f":{"0":281},"b":{"0":[281]},"_coverageSchema":"1a1c01bbd47fc00a2c39e90264f33305004495a9","hash":"defbd6ba80ec86fd78d5eac493b49f8ed0425482"}
,"C:\\Users\\MF\\Desktop\\JS\\src\\components\\modals\\modal\\index.ts": {"path":"C:\\Users\\MF\\Desktop\\JS\\src\\components\\modals\\modal\\index.ts","statementMap":{},"fnMap":{},"branchMap":{},"s":{},"f":{},"b":{},"_coverageSchema":"1a1c01bbd47fc00a2c39e90264f33305004495a9","hash":"da03e55cf7024db902af041455656cfb478f314e"}
,"C:\\Users\\MF\\Desktop\\JS\\src\\components\\modals\\overlay\\Overlay.tsx": {"path":"C:\\Users\\MF\\Desktop\\JS\\src\\components\\modals\\overlay\\Overlay.tsx","statementMap":{"0":{"start":{"line":4,"column":11},"end":{"line":4,"column":26}},"1":{"start":{"line":6,"column":33},"end":{"line":18,"column":1}},"2":{"start":{"line":9,"column":30},"end":{"line":11,"column":6}},"3":{"start":{"line":13,"column":4},"end":{"line":17,"column":5}}},"fnMap":{"0":{"name":"(anonymous_0)","decl":{"start":{"line":6,"column":33},"end":{"line":6,"column":34}},"loc":{"start":{"line":8,"column":5},"end":{"line":18,"column":1}},"line":8}},"branchMap":{},"s":{"0":2,"1":2,"2":1,"3":1},"f":{"0":1},"b":{},"_coverageSchema":"1a1c01bbd47fc00a2c39e90264f33305004495a9","hash":"250e6cc2ab9cb8e4d2d60c5a5e3bffa435101597"}
,"C:\\Users\\MF\\Desktop\\JS\\src\\components\\modals\\overlay\\index.ts": {"path":"C:\\Users\\MF\\Desktop\\JS\\src\\components\\modals\\overlay\\index.ts","statementMap":{},"fnMap":{},"branchMap":{},"s":{},"f":{},"b":{},"_coverageSchema":"1a1c01bbd47fc00a2c39e90264f33305004495a9","hash":"fca749faa2e6faa7f47684bf129b375dc0fc14d9"}
,"C:\\Users\\MF\\Desktop\\JS\\src\\components\\ui-kit\\index.ts": {"path":"C:\\Users\\MF\\Desktop\\JS\\src\\components\\ui-kit\\index.ts","statementMap":{},"fnMap":{},"branchMap":{},"s":{},"f":{},"b":{},"_coverageSchema":"1a1c01bbd47fc00a2c39e90264f33305004495a9","hash":"7fc91b3d01c3cf7c6023aedb6670a136423cbed6"}
,"C:\\Users\\MF\\Desktop\\JS\\src\\components\\ui-kit\\controls\\ActionsButton.tsx": {"path":"C:\\Users\\MF\\Desktop\\JS\\src\\components\\ui-kit\\controls\\ActionsButton.tsx","statementMap":{"0":{"start":{"line":4,"column":11},"end":{"line":4,"column":26}},"1":{"start":{"line":6,"column":106},"end":{"line":24,"column":1}},"2":{"start":{"line":9,"column":30},"end":{"line":13,"column":5}},"3":{"start":{"line":15,"column":26},"end":{"line":17,"column":5}},"4":{"start":{"line":19,"column":4},"end":{"line":23,"column":5}}},"fnMap":{"0":{"name":"(anonymous_0)","decl":{"start":{"line":6,"column":106},"end":{"line":6,"column":107}},"loc":{"start":{"line":8,"column":5},"end":{"line":24,"column":1}},"line":8}},"branchMap":{"0":{"loc":{"start":{"line":20,"column":42},"end":{"line":20,"column":73}},"type":"binary-expr","locations":[{"start":{"line":20,"column":42},"end":{"line":20,"column":52}},{"start":{"line":20,"column":56},"end":{"line":20,"column":73}}],"line":20}},"s":{"0":2,"1":2,"2":0,"3":0,"4":0},"f":{"0":0},"b":{"0":[0,0]},"_coverageSchema":"1a1c01bbd47fc00a2c39e90264f33305004495a9","hash":"8509e609e82b719e6c0c20d27603a50d11514991"}
,"C:\\Users\\MF\\Desktop\\JS\\src\\components\\ui-kit\\controls\\Button.tsx": {"path":"C:\\Users\\MF\\Desktop\\JS\\src\\components\\ui-kit\\controls\\Button.tsx","statementMap":{"0":{"start":{"line":4,"column":11},"end":{"line":4,"column":26}},"1":{"start":{"line":10,"column":5},"end":{"line":23,"column":1}},"2":{"start":{"line":13,"column":30},"end":{"line":17,"column":5}},"3":{"start":{"line":18,"column":4},"end":{"line":22,"column":5}}},"fnMap":{"0":{"name":"(anonymous_0)","decl":{"start":{"line":10,"column":5},"end":{"line":10,"column":6}},"loc":{"start":{"line":12,"column":5},"end":{"line":23,"column":1}},"line":12}},"branchMap":{"0":{"loc":{"start":{"line":19,"column":57},"end":{"line":19,"column":88}},"type":"binary-expr","locations":[{"start":{"line":19,"column":57},"end":{"line":19,"column":67}},{"start":{"line":19,"column":71},"end":{"line":19,"column":88}}],"line":19}},"s":{"0":2,"1":2,"2":563,"3":563},"f":{"0":563},"b":{"0":[563,0]},"_coverageSchema":"1a1c01bbd47fc00a2c39e90264f33305004495a9","hash":"1a7c90e365d834dadac7036524ce7f86b5553463"}
,"C:\\Users\\MF\\Desktop\\JS\\src\\components\\ui-kit\\controls\\Close.tsx": {"path":"C:\\Users\\MF\\Desktop\\JS\\src\\components\\ui-kit\\controls\\Close.tsx","statementMap":{"0":{"start":{"line":4,"column":11},"end":{"line":4,"column":26}},"1":{"start":{"line":8,"column":5},"end":{"line":20,"column":1}},"2":{"start":{"line":11,"column":30},"end":{"line":13,"column":5}},"3":{"start":{"line":15,"column":4},"end":{"line":19,"column":5}}},"fnMap":{"0":{"name":"(anonymous_0)","decl":{"start":{"line":8,"column":5},"end":{"line":8,"column":6}},"loc":{"start":{"line":10,"column":5},"end":{"line":20,"column":1}},"line":10}},"branchMap":{},"s":{"0":2,"1":2,"2":280,"3":280},"f":{"0":280},"b":{},"_coverageSchema":"1a1c01bbd47fc00a2c39e90264f33305004495a9","hash":"3151086d8136851dfbbd7de9706d30efd0c131aa"}
,"C:\\Users\\MF\\Desktop\\JS\\src\\components\\ui-kit\\controls\\FormDate.tsx": {"path":"C:\\Users\\MF\\Desktop\\JS\\src\\components\\ui-kit\\controls\\FormDate.tsx","statementMap":{"0":{"start":{"line":5,"column":11},"end":{"line":5,"column":26}},"1":{"start":{"line":10,"column":5},"end":{"line":37,"column":1}},"2":{"start":{"line":12,"column":24},"end":{"line":14,"column":5}},"3":{"start":{"line":16,"column":22},"end":{"line":18,"column":5}},"4":{"start":{"line":20,"column":24},"end":{"line":22,"column":5}},"5":{"start":{"line":24,"column":19},"end":{"line":27,"column":5}},"6":{"start":{"line":29,"column":4},"end":{"line":36,"column":5}}},"fnMap":{"0":{"name":"(anonymous_0)","decl":{"start":{"line":10,"column":5},"end":{"line":10,"column":6}},"loc":{"start":{"line":10,"column":32},"end":{"line":37,"column":1}},"line":10}},"branchMap":{},"s":{"0":2,"1":2,"2":0,"3":0,"4":0,"5":0,"6":0},"f":{"0":0},"b":{},"_coverageSchema":"1a1c01bbd47fc00a2c39e90264f33305004495a9","hash":"1ee648db186d81ef4991e924b7d936f5fee20537"}
,"C:\\Users\\MF\\Desktop\\JS\\src\\components\\ui-kit\\controls\\FormInput.tsx": {"path":"C:\\Users\\MF\\Desktop\\JS\\src\\components\\ui-kit\\controls\\FormInput.tsx","statementMap":{"0":{"start":{"line":6,"column":11},"end":{"line":6,"column":26}},"1":{"start":{"line":12,"column":5},"end":{"line":54,"column":1}},"2":{"start":{"line":13,"column":24},"end":{"line":16,"column":5}},"3":{"start":{"line":18,"column":22},"end":{"line":24,"column":5}},"4":{"start":{"line":26,"column":24},"end":{"line":29,"column":5}},"5":{"start":{"line":31,"column":19},"end":{"line":34,"column":5}},"6":{"start":{"line":36,"column":30},"end":{"line":41,"column":5}},"7":{"start":{"line":43,"column":4},"end":{"line":53,"column":5}}},"fnMap":{"0":{"name":"(anonymous_0)","decl":{"start":{"line":12,"column":5},"end":{"line":12,"column":6}},"loc":{"start":{"line":12,"column":33},"end":{"line":54,"column":1}},"line":12}},"branchMap":{"0":{"loc":{"start":{"line":47,"column":17},"end":{"line":49,"column":17}},"type":"binary-expr","locations":[{"start":{"line":47,"column":17},"end":{"line":47,"column":29}},{"start":{"line":47,"column":33},"end":{"line":47,"column":43}},{"start":{"line":48,"column":19},"end":{"line":48,"column":72}}],"line":47}},"s":{"0":2,"1":2,"2":226,"3":226,"4":226,"5":226,"6":226,"7":226},"f":{"0":226},"b":{"0":[226,60,15]},"_coverageSchema":"1a1c01bbd47fc00a2c39e90264f33305004495a9","hash":"af0256e89dee83a55f5fe79d5a9a7dfaaba9c2a9"}
,"C:\\Users\\MF\\Desktop\\JS\\src\\components\\ui-kit\\controls\\FormSelect.tsx": {"path":"C:\\Users\\MF\\Desktop\\JS\\src\\components\\ui-kit\\controls\\FormSelect.tsx","statementMap":{"0":{"start":{"line":5,"column":11},"end":{"line":5,"column":26}},"1":{"start":{"line":10,"column":5},"end":{"line":38,"column":1}},"2":{"start":{"line":12,"column":24},"end":{"line":14,"column":5}},"3":{"start":{"line":16,"column":22},"end":{"line":18,"column":5}},"4":{"start":{"line":20,"column":24},"end":{"line":23,"column":5}},"5":{"start":{"line":25,"column":19},"end":{"line":28,"column":5}},"6":{"start":{"line":30,"column":4},"end":{"line":37,"column":5}}},"fnMap":{"0":{"name":"(anonymous_0)","decl":{"start":{"line":10,"column":5},"end":{"line":10,"column":6}},"loc":{"start":{"line":10,"column":32},"end":{"line":38,"column":1}},"line":10}},"branchMap":{},"s":{"0":2,"1":2,"2":0,"3":0,"4":0,"5":0,"6":0},"f":{"0":0},"b":{},"_coverageSchema":"1a1c01bbd47fc00a2c39e90264f33305004495a9","hash":"df31bb3cdc8bbaf5461bb2dfb14c17309a55024c"}
,"C:\\Users\\MF\\Desktop\\JS\\src\\components\\ui-kit\\controls\\Input.tsx": {"path":"C:\\Users\\MF\\Desktop\\JS\\src\\components\\ui-kit\\controls\\Input.tsx","statementMap":{"0":{"start":{"line":6,"column":5},"end":{"line":16,"column":1}},"1":{"start":{"line":11,"column":4},"end":{"line":15,"column":5}}},"fnMap":{"0":{"name":"(anonymous_0)","decl":{"start":{"line":6,"column":5},"end":{"line":6,"column":6}},"loc":{"start":{"line":10,"column":6},"end":{"line":16,"column":1}},"line":10}},"branchMap":{},"s":{"0":2,"1":227},"f":{"0":227},"b":{},"_coverageSchema":"1a1c01bbd47fc00a2c39e90264f33305004495a9","hash":"84636d059cdf776549c1691d657a1fbf5501ba77"}
,"C:\\Users\\MF\\Desktop\\JS\\src\\components\\ui-kit\\controls\\index.ts": {"path":"C:\\Users\\MF\\Desktop\\JS\\src\\components\\ui-kit\\controls\\index.ts","statementMap":{},"fnMap":{},"branchMap":{},"s":{},"f":{},"b":{},"_coverageSchema":"1a1c01bbd47fc00a2c39e90264f33305004495a9","hash":"c933ca2d079092cf66836252b3081777aa2b0144"}
,"C:\\Users\\MF\\Desktop\\JS\\src\\components\\ui-kit\\dropdown-menu\\DropdownItem.tsx": {"path":"C:\\Users\\MF\\Desktop\\JS\\src\\components\\ui-kit\\dropdown-menu\\DropdownItem.tsx","statementMap":{"0":{"start":{"line":10,"column":11},"end":{"line":10,"column":26}},"1":{"start":{"line":14,"column":5},"end":{"line":29,"column":1}},"2":{"start":{"line":15,"column":22},"end":{"line":17,"column":5}},"3":{"start":{"line":19,"column":24},"end":{"line":22,"column":10}},"4":{"start":{"line":20,"column":8},"end":{"line":20,"column":28}},"5":{"start":{"line":21,"column":8},"end":{"line":21,"column":23}},"6":{"start":{"line":24,"column":4},"end":{"line":28,"column":5}}},"fnMap":{"0":{"name":"(anonymous_0)","decl":{"start":{"line":14,"column":5},"end":{"line":14,"column":6}},"loc":{"start":{"line":14,"column":19},"end":{"line":29,"column":1}},"line":14},"1":{"name":"(anonymous_1)","decl":{"start":{"line":19,"column":36},"end":{"line":19,"column":37}},"loc":{"start":{"line":19,"column":65},"end":{"line":22,"column":5}},"line":19}},"branchMap":{},"s":{"0":2,"1":2,"2":0,"3":0,"4":0,"5":0,"6":0},"f":{"0":0,"1":0},"b":{},"_coverageSchema":"1a1c01bbd47fc00a2c39e90264f33305004495a9","hash":"80c9f57c687e7e79e9dde136df978b7dd3d153ba"}
,"C:\\Users\\MF\\Desktop\\JS\\src\\components\\ui-kit\\dropdown-menu\\DropdownMenu.tsx": {"path":"C:\\Users\\MF\\Desktop\\JS\\src\\components\\ui-kit\\dropdown-menu\\DropdownMenu.tsx","statementMap":{"0":{"start":{"line":7,"column":11},"end":{"line":7,"column":26}},"1":{"start":{"line":12,"column":5},"end":{"line":26,"column":1}},"2":{"start":{"line":14,"column":16},"end":{"line":14,"column":46}},"3":{"start":{"line":15,"column":22},"end":{"line":17,"column":5}},"4":{"start":{"line":19,"column":4},"end":{"line":19,"column":37}},"5":{"start":{"line":21,"column":4},"end":{"line":25,"column":5}},"6":{"start":{"line":23,"column":32},"end":{"line":23,"column":75}}},"fnMap":{"0":{"name":"(anonymous_0)","decl":{"start":{"line":12,"column":5},"end":{"line":12,"column":6}},"loc":{"start":{"line":12,"column":30},"end":{"line":26,"column":1}},"line":12},"1":{"name":"(anonymous_1)","decl":{"start":{"line":23,"column":23},"end":{"line":23,"column":24}},"loc":{"start":{"line":23,"column":32},"end":{"line":23,"column":75}},"line":23}},"branchMap":{},"s":{"0":2,"1":2,"2":0,"3":0,"4":0,"5":0,"6":0},"f":{"0":0,"1":0},"b":{},"_coverageSchema":"1a1c01bbd47fc00a2c39e90264f33305004495a9","hash":"a8f4ceffd8cb0d8e474de8f81fdb70d5b2eef8d3"}
,"C:\\Users\\MF\\Desktop\\JS\\src\\components\\ui-kit\\dropdown-menu\\index.ts": {"path":"C:\\Users\\MF\\Desktop\\JS\\src\\components\\ui-kit\\dropdown-menu\\index.ts","statementMap":{},"fnMap":{},"branchMap":{},"s":{},"f":{},"b":{},"_coverageSchema":"1a1c01bbd47fc00a2c39e90264f33305004495a9","hash":"ccb865aa0878a4625782ab404cae7f394225e8d7"}
,"C:\\Users\\MF\\Desktop\\JS\\src\\components\\ui-kit\\icons\\Icon.tsx": {"path":"C:\\Users\\MF\\Desktop\\JS\\src\\components\\ui-kit\\icons\\Icon.tsx","statementMap":{"0":{"start":{"line":3,"column":52},"end":{"line":7,"column":1}},"1":{"start":{"line":4,"column":4},"end":{"line":6,"column":5}}},"fnMap":{"0":{"name":"(anonymous_0)","decl":{"start":{"line":3,"column":52},"end":{"line":3,"column":53}},"loc":{"start":{"line":3,"column":63},"end":{"line":7,"column":1}},"line":3}},"branchMap":{},"s":{"0":2,"1":0},"f":{"0":0},"b":{},"_coverageSchema":"1a1c01bbd47fc00a2c39e90264f33305004495a9","hash":"167497e977e469cd8353bcb46d7db31aee8d4e2d"}
,"C:\\Users\\MF\\Desktop\\JS\\src\\components\\ui-kit\\icons\\index.ts": {"path":"C:\\Users\\MF\\Desktop\\JS\\src\\components\\ui-kit\\icons\\index.ts","statementMap":{},"fnMap":{},"branchMap":{},"s":{},"f":{},"b":{},"_coverageSchema":"1a1c01bbd47fc00a2c39e90264f33305004495a9","hash":"6054aafb87d7449595eaf26764891958fbe4b88a"}
,"C:\\Users\\MF\\Desktop\\JS\\src\\components\\ui-kit\\list\\List.tsx": {"path":"C:\\Users\\MF\\Desktop\\JS\\src\\components\\ui-kit\\list\\List.tsx","statementMap":{"0":{"start":{"line":4,"column":11},"end":{"line":4,"column":26}},"1":{"start":{"line":8,"column":5},"end":{"line":17,"column":1}},"2":{"start":{"line":9,"column":22},"end":{"line":11,"column":5}},"3":{"start":{"line":12,"column":4},"end":{"line":16,"column":5}},"4":{"start":{"line":21,"column":5},"end":{"line":30,"column":1}},"5":{"start":{"line":22,"column":22},"end":{"line":24,"column":5}},"6":{"start":{"line":25,"column":4},"end":{"line":29,"column":5}}},"fnMap":{"0":{"name":"(anonymous_0)","decl":{"start":{"line":8,"column":5},"end":{"line":8,"column":6}},"loc":{"start":{"line":8,"column":33},"end":{"line":17,"column":1}},"line":8},"1":{"name":"(anonymous_1)","decl":{"start":{"line":21,"column":5},"end":{"line":21,"column":6}},"loc":{"start":{"line":21,"column":33},"end":{"line":30,"column":1}},"line":21}},"branchMap":{"0":{"loc":{"start":{"line":13,"column":23},"end":{"line":13,"column":46}},"type":"binary-expr","locations":[{"start":{"line":13,"column":23},"end":{"line":13,"column":33}},{"start":{"line":13,"column":37},"end":{"line":13,"column":46}}],"line":13},"1":{"loc":{"start":{"line":26,"column":23},"end":{"line":26,"column":46}},"type":"binary-expr","locations":[{"start":{"line":26,"column":23},"end":{"line":26,"column":33}},{"start":{"line":26,"column":37},"end":{"line":26,"column":46}}],"line":26}},"s":{"0":2,"1":2,"2":0,"3":0,"4":2,"5":0,"6":0},"f":{"0":0,"1":0},"b":{"0":[0,0],"1":[0,0]},"_coverageSchema":"1a1c01bbd47fc00a2c39e90264f33305004495a9","hash":"3357e5e8babf0d98027959c1c25ad4f4d3b3df75"}
,"C:\\Users\\MF\\Desktop\\JS\\src\\components\\ui-kit\\list\\index.ts": {"path":"C:\\Users\\MF\\Desktop\\JS\\src\\components\\ui-kit\\list\\index.ts","statementMap":{},"fnMap":{},"branchMap":{},"s":{},"f":{},"b":{},"_coverageSchema":"1a1c01bbd47fc00a2c39e90264f33305004495a9","hash":"f40b4bd449a3af0f4594a2864312e28e82fadaca"}
,"C:\\Users\\MF\\Desktop\\JS\\src\\components\\ui-kit\\logo\\Logo.tsx": {"path":"C:\\Users\\MF\\Desktop\\JS\\src\\components\\ui-kit\\logo\\Logo.tsx","statementMap":{"0":{"start":{"line":4,"column":11},"end":{"line":4,"column":26}},"1":{"start":{"line":6,"column":50},"end":{"line":18,"column":1}},"2":{"start":{"line":7,"column":30},"end":{"line":11,"column":6}},"3":{"start":{"line":12,"column":4},"end":{"line":17,"column":5}}},"fnMap":{"0":{"name":"(anonymous_0)","decl":{"start":{"line":6,"column":50},"end":{"line":6,"column":51}},"loc":{"start":{"line":6,"column":64},"end":{"line":18,"column":1}},"line":6}},"branchMap":{},"s":{"0":2,"1":2,"2":0,"3":0},"f":{"0":0},"b":{},"_coverageSchema":"1a1c01bbd47fc00a2c39e90264f33305004495a9","hash":"7dc5099d0d8838a55305cf9ab5bd5e831c09821c"}
,"C:\\Users\\MF\\Desktop\\JS\\src\\components\\ui-kit\\logo\\index.ts": {"path":"C:\\Users\\MF\\Desktop\\JS\\src\\components\\ui-kit\\logo\\index.ts","statementMap":{},"fnMap":{},"branchMap":{},"s":{},"f":{},"b":{},"_coverageSchema":"1a1c01bbd47fc00a2c39e90264f33305004495a9","hash":"8daf3265203008a604bb25b5ece419e3a7bdd9bb"}
,"C:\\Users\\MF\\Desktop\\JS\\src\\components\\ui-kit\\movie-card\\MovieCard.tsx": {"path":"C:\\Users\\MF\\Desktop\\JS\\src\\components\\ui-kit\\movie-card\\MovieCard.tsx","statementMap":{"0":{"start":{"line":7,"column":11},"end":{"line":7,"column":26}},"1":{"start":{"line":9,"column":52},"end":{"line":50,"column":1}},"2":{"start":{"line":10,"column":28},"end":{"line":12,"column":5}},"3":{"start":{"line":14,"column":20},"end":{"line":19,"column":5}},"4":{"start":{"line":21,"column":26},"end":{"line":27,"column":5}},"5":{"start":{"line":29,"column":20},"end":{"line":29,"column":37}},"6":{"start":{"line":31,"column":19},"end":{"line":37,"column":5}},"7":{"start":{"line":39,"column":4},"end":{"line":49,"column":5}},"8":{"start":{"line":59,"column":5},"end":{"line":98,"column":1}},"9":{"start":{"line":60,"column":24},"end":{"line":62,"column":5}},"10":{"start":{"line":64,"column":29},"end":{"line":66,"column":5}},"11":{"start":{"line":68,"column":41},"end":{"line":68,"column":56}},"12":{"start":{"line":70,"column":27},"end":{"line":73,"column":20}},"13":{"start":{"line":71,"column":8},"end":{"line":71,"column":28}},"14":{"start":{"line":72,"column":8},"end":{"line":72,"column":35}},"15":{"start":{"line":75,"column":30},"end":{"line":84,"column":15}},"16":{"start":{"line":76,"column":8},"end":{"line":83,"column":10}},"17":{"start":{"line":78,"column":27},"end":{"line":78,"column":65}},"18":{"start":{"line":82,"column":27},"end":{"line":82,"column":67}},"19":{"start":{"line":86,"column":24},"end":{"line":88,"column":15}},"20":{"start":{"line":87,"column":8},"end":{"line":87,"column":23}},"21":{"start":{"line":90,"column":4},"end":{"line":97,"column":5}}},"fnMap":{"0":{"name":"(anonymous_0)","decl":{"start":{"line":9,"column":52},"end":{"line":9,"column":53}},"loc":{"start":{"line":9,"column":67},"end":{"line":50,"column":1}},"line":9},"1":{"name":"(anonymous_1)","decl":{"start":{"line":59,"column":5},"end":{"line":59,"column":6}},"loc":{"start":{"line":59,"column":46},"end":{"line":98,"column":1}},"line":59},"2":{"name":"(anonymous_2)","decl":{"start":{"line":70,"column":39},"end":{"line":70,"column":40}},"loc":{"start":{"line":70,"column":68},"end":{"line":73,"column":5}},"line":70},"3":{"name":"(anonymous_3)","decl":{"start":{"line":75,"column":38},"end":{"line":75,"column":39}},"loc":{"start":{"line":76,"column":8},"end":{"line":83,"column":10}},"line":76},"4":{"name":"(anonymous_4)","decl":{"start":{"line":78,"column":21},"end":{"line":78,"column":22}},"loc":{"start":{"line":78,"column":27},"end":{"line":78,"column":65}},"line":78},"5":{"name":"(anonymous_5)","decl":{"start":{"line":82,"column":21},"end":{"line":82,"column":22}},"loc":{"start":{"line":82,"column":27},"end":{"line":82,"column":67}},"line":82},"6":{"name":"(anonymous_6)","decl":{"start":{"line":86,"column":36},"end":{"line":86,"column":37}},"loc":{"start":{"line":86,"column":42},"end":{"line":88,"column":5}},"line":86}},"branchMap":{"0":{"loc":{"start":{"line":95,"column":13},"end":{"line":95,"column":94}},"type":"binary-expr","locations":[{"start":{"line":95,"column":13},"end":{"line":95,"column":23}},{"start":{"line":95,"column":27},"end":{"line":95,"column":94}}],"line":95}},"s":{"0":2,"1":2,"2":0,"3":0,"4":0,"5":0,"6":0,"7":0,"8":2,"9":0,"10":0,"11":0,"12":0,"13":0,"14":0,"15":0,"16":0,"17":0,"18":0,"19":0,"20":0,"21":0},"f":{"0":0,"1":0,"2":0,"3":0,"4":0,"5":0,"6":0},"b":{"0":[0,0]},"_coverageSchema":"1a1c01bbd47fc00a2c39e90264f33305004495a9","hash":"9372bdf4bd9614dc77897f116636e7f192bf1718"}
,"C:\\Users\\MF\\Desktop\\JS\\src\\components\\ui-kit\\movie-card\\index.ts": {"path":"C:\\Users\\MF\\Desktop\\JS\\src\\components\\ui-kit\\movie-card\\index.ts","statementMap":{},"fnMap":{},"branchMap":{},"s":{},"f":{},"b":{},"_coverageSchema":"1a1c01bbd47fc00a2c39e90264f33305004495a9","hash":"e85185faf3f5e8c3a26b4a535f938849e10f9691"}
,"C:\\Users\\MF\\Desktop\\JS\\src\\components\\ui-kit\\rating\\Rating.tsx": {"path":"C:\\Users\\MF\\Desktop\\JS\\src\\components\\ui-kit\\rating\\Rating.tsx","statementMap":{"0":{"start":{"line":5,"column":11},"end":{"line":5,"column":26}},"1":{"start":{"line":7,"column":50},"end":{"line":17,"column":1}},"2":{"start":{"line":8,"column":21},"end":{"line":10,"column":5}},"3":{"start":{"line":12,"column":4},"end":{"line":16,"column":5}}},"fnMap":{"0":{"name":"(anonymous_0)","decl":{"start":{"line":7,"column":50},"end":{"line":7,"column":51}},"loc":{"start":{"line":7,"column":66},"end":{"line":17,"column":1}},"line":7}},"branchMap":{},"s":{"0":2,"1":2,"2":0,"3":0},"f":{"0":0},"b":{},"_coverageSchema":"1a1c01bbd47fc00a2c39e90264f33305004495a9","hash":"473cd5a936159fe3a02df6cf36994e974ec7a1c3"}
,"C:\\Users\\MF\\Desktop\\JS\\src\\components\\ui-kit\\rating\\index.ts": {"path":"C:\\Users\\MF\\Desktop\\JS\\src\\components\\ui-kit\\rating\\index.ts","statementMap":{},"fnMap":{},"branchMap":{},"s":{},"f":{},"b":{},"_coverageSchema":"1a1c01bbd47fc00a2c39e90264f33305004495a9","hash":"3dbebb749971f8b7a615c8d2f89920a684a5164e"}
,"C:\\Users\\MF\\Desktop\\JS\\src\\components\\ui-kit\\text\\Headline.tsx": {"path":"C:\\Users\\MF\\Desktop\\JS\\src\\components\\ui-kit\\text\\Headline.tsx","statementMap":{"0":{"start":{"line":4,"column":11},"end":{"line":4,"column":26}},"1":{"start":{"line":13,"column":5},"end":{"line":30,"column":1}},"2":{"start":{"line":16,"column":23},"end":{"line":23,"column":6}},"3":{"start":{"line":25,"column":4},"end":{"line":29,"column":5}}},"fnMap":{"0":{"name":"(anonymous_0)","decl":{"start":{"line":13,"column":5},"end":{"line":13,"column":6}},"loc":{"start":{"line":15,"column":5},"end":{"line":30,"column":1}},"line":15}},"branchMap":{},"s":{"0":2,"1":2,"2":1,"3":1},"f":{"0":1},"b":{},"_coverageSchema":"1a1c01bbd47fc00a2c39e90264f33305004495a9","hash":"8a754b86e4149b0681d366b8a1cf8dcfcbb6da72"}
,"C:\\Users\\MF\\Desktop\\JS\\src\\components\\ui-kit\\text\\Label.tsx": {"path":"C:\\Users\\MF\\Desktop\\JS\\src\\components\\ui-kit\\text\\Label.tsx","statementMap":{"0":{"start":{"line":3,"column":67},"end":{"line":11,"column":1}},"1":{"start":{"line":6,"column":4},"end":{"line":10,"column":5}}},"fnMap":{"0":{"name":"(anonymous_0)","decl":{"start":{"line":3,"column":67},"end":{"line":3,"column":68}},"loc":{"start":{"line":5,"column":5},"end":{"line":11,"column":1}},"line":5}},"branchMap":{"0":{"loc":{"start":{"line":4,"column":17},"end":{"line":4,"column":28}},"type":"default-arg","locations":[{"start":{"line":4,"column":26},"end":{"line":4,"column":28}}],"line":4}},"s":{"0":2,"1":0},"f":{"0":0},"b":{"0":[0]},"_coverageSchema":"1a1c01bbd47fc00a2c39e90264f33305004495a9","hash":"ec26d0f71bf019cc93baa0040389ac1a690e58a5"}
,"C:\\Users\\MF\\Desktop\\JS\\src\\components\\ui-kit\\text\\Link.tsx": {"path":"C:\\Users\\MF\\Desktop\\JS\\src\\components\\ui-kit\\text\\Link.tsx","statementMap":{"0":{"start":{"line":4,"column":11},"end":{"line":4,"column":26}},"1":{"start":{"line":6,"column":83},"end":{"line":22,"column":1}},"2":{"start":{"line":9,"column":22},"end":{"line":15,"column":6}},"3":{"start":{"line":17,"column":4},"end":{"line":21,"column":5}}},"fnMap":{"0":{"name":"(anonymous_0)","decl":{"start":{"line":6,"column":83},"end":{"line":6,"column":84}},"loc":{"start":{"line":8,"column":5},"end":{"line":22,"column":1}},"line":8}},"branchMap":{"0":{"loc":{"start":{"line":7,"column":17},"end":{"line":7,"column":28}},"type":"default-arg","locations":[{"start":{"line":7,"column":26},"end":{"line":7,"column":28}}],"line":7},"1":{"loc":{"start":{"line":18,"column":22},"end":{"line":18,"column":45}},"type":"binary-expr","locations":[{"start":{"line":18,"column":22},"end":{"line":18,"column":32}},{"start":{"line":18,"column":36},"end":{"line":18,"column":45}}],"line":18}},"s":{"0":2,"1":2,"2":0,"3":0},"f":{"0":0},"b":{"0":[0],"1":[0,0]},"_coverageSchema":"1a1c01bbd47fc00a2c39e90264f33305004495a9","hash":"2c82aeda0aaf7e6f4482da1897b35430ecd3468a"}
,"C:\\Users\\MF\\Desktop\\JS\\src\\components\\ui-kit\\text\\index.ts": {"path":"C:\\Users\\MF\\Desktop\\JS\\src\\components\\ui-kit\\text\\index.ts","statementMap":{},"fnMap":{},"branchMap":{},"s":{},"f":{},"b":{},"_coverageSchema":"1a1c01bbd47fc00a2c39e90264f33305004495a9","hash":"e85357fccdc3d2c4d426ce424b573cc5c6214f5d"}
,"C:\\Users\\MF\\Desktop\\JS\\src\\context\\DialogContainer.tsx": {"path":"C:\\Users\\MF\\Desktop\\JS\\src\\context\\DialogContainer.tsx","statementMap":{"0":{"start":{"line":6,"column":58},"end":{"line":6,"column":81}},"1":{"start":{"line":7,"column":74},"end":{"line":7,"column":104}},"2":{"start":{"line":10,"column":4},"end":{"line":12,"column":63}},"3":{"start":{"line":12,"column":33},"end":{"line":12,"column":61}},"4":{"start":{"line":15,"column":41},"end":{"line":24,"column":1}},"5":{"start":{"line":16,"column":30},"end":{"line":16,"column":58}},"6":{"start":{"line":17,"column":4},"end":{"line":23,"column":5}},"7":{"start":{"line":26,"column":33},"end":{"line":29,"column":1}},"8":{"start":{"line":27,"column":20},"end":{"line":27,"column":59}},"9":{"start":{"line":28,"column":4},"end":{"line":28,"column":19}},"10":{"start":{"line":31,"column":32},"end":{"line":34,"column":1}},"11":{"start":{"line":32,"column":20},"end":{"line":32,"column":51}},"12":{"start":{"line":33,"column":4},"end":{"line":33,"column":56}},"13":{"start":{"line":33,"column":34},"end":{"line":33,"column":54}}},"fnMap":{"0":{"name":"action","decl":{"start":{"line":9,"column":9},"end":{"line":9,"column":15}},"loc":{"start":{"line":9,"column":63},"end":{"line":13,"column":1}},"line":9},"1":{"name":"(anonymous_1)","decl":{"start":{"line":12,"column":23},"end":{"line":12,"column":24}},"loc":{"start":{"line":12,"column":33},"end":{"line":12,"column":61}},"line":12},"2":{"name":"(anonymous_2)","decl":{"start":{"line":15,"column":41},"end":{"line":15,"column":42}},"loc":{"start":{"line":15,"column":59},"end":{"line":24,"column":1}},"line":15},"3":{"name":"(anonymous_3)","decl":{"start":{"line":26,"column":33},"end":{"line":26,"column":34}},"loc":{"start":{"line":26,"column":39},"end":{"line":29,"column":1}},"line":26},"4":{"name":"(anonymous_4)","decl":{"start":{"line":31,"column":32},"end":{"line":31,"column":33}},"loc":{"start":{"line":31,"column":50},"end":{"line":34,"column":1}},"line":31},"5":{"name":"(anonymous_5)","decl":{"start":{"line":33,"column":24},"end":{"line":33,"column":25}},"loc":{"start":{"line":33,"column":34},"end":{"line":33,"column":54}},"line":33}},"branchMap":{"0":{"loc":{"start":{"line":10,"column":11},"end":{"line":12,"column":62}},"type":"cond-expr","locations":[{"start":{"line":11,"column":10},"end":{"line":11,"column":29}},{"start":{"line":12,"column":10},"end":{"line":12,"column":62}}],"line":10}},"s":{"0":2,"1":2,"2":0,"3":0,"4":2,"5":0,"6":0,"7":2,"8":0,"9":0,"10":2,"11":0,"12":0,"13":0},"f":{"0":0,"1":0,"2":0,"3":0,"4":0,"5":0},"b":{"0":[0,0]},"_coverageSchema":"1a1c01bbd47fc00a2c39e90264f33305004495a9","hash":"f8863250cb6ffe05f6fa00e7fa9208ab1058b279"}
,"C:\\Users\\MF\\Desktop\\JS\\src\\context\\index.ts": {"path":"C:\\Users\\MF\\Desktop\\JS\\src\\context\\index.ts","statementMap":{},"fnMap":{},"branchMap":{},"s":{},"f":{},"b":{},"_coverageSchema":"1a1c01bbd47fc00a2c39e90264f33305004495a9","hash":"7357b51f76108f4d6a5ea9620701b616d995be19"}
,"C:\\Users\\MF\\Desktop\\JS\\src\\helpers\\ServiceErrorsDecorator.ts": {"path":"C:\\Users\\MF\\Desktop\\JS\\src\\helpers\\ServiceErrorsDecorator.ts","statementMap":{"0":{"start":{"line":5,"column":10},"end":{"line":8,"column":8}},"1":{"start":{"line":5,"column":60},"end":{"line":8,"column":6}},"2":{"start":{"line":10,"column":4},"end":{"line":21,"column":7}},"3":{"start":{"line":11,"column":7},"end":{"line":20,"column":9}},"4":{"start":{"line":12,"column":39},"end":{"line":12,"column":57}},"5":{"start":{"line":14,"column":12},"end":{"line":19,"column":13}},"6":{"start":{"line":15,"column":16},"end":{"line":15,"column":45}},"7":{"start":{"line":17,"column":37},"end":{"line":17,"column":58}},"8":{"start":{"line":18,"column":16},"end":{"line":18,"column":51}},"9":{"start":{"line":23,"column":4},"end":{"line":23,"column":25}}},"fnMap":{"0":{"name":"ServiceErrorsDecorator","decl":{"start":{"line":1,"column":16},"end":{"line":1,"column":38}},"loc":{"start":{"line":1,"column":59},"end":{"line":24,"column":2}},"line":1},"1":{"name":"(anonymous_1)","decl":{"start":{"line":5,"column":41},"end":{"line":5,"column":42}},"loc":{"start":{"line":5,"column":60},"end":{"line":8,"column":6}},"line":5},"2":{"name":"(anonymous_2)","decl":{"start":{"line":10,"column":20},"end":{"line":10,"column":21}},"loc":{"start":{"line":10,"column":42},"end":{"line":21,"column":5}},"line":10},"3":{"name":"(anonymous_3)","decl":{"start":{"line":11,"column":29},"end":{"line":11,"column":30}},"loc":{"start":{"line":11,"column":50},"end":{"line":20,"column":8}},"line":11}},"branchMap":{"0":{"loc":{"start":{"line":14,"column":12},"end":{"line":19,"column":13}},"type":"if","locations":[{"start":{"line":14,"column":12},"end":{"line":19,"column":13}},{"start":{"line":14,"column":12},"end":{"line":19,"column":13}}],"line":14}},"s":{"0":2,"1":10,"2":2,"3":10,"4":0,"5":0,"6":0,"7":0,"8":0,"9":2},"f":{"0":2,"1":10,"2":10,"3":0},"b":{"0":[0,0]},"_coverageSchema":"1a1c01bbd47fc00a2c39e90264f33305004495a9","hash":"18d9b4d3d83b3fbf882519aaa7b4e832f245b4fb"}
,"C:\\Users\\MF\\Desktop\\JS\\src\\hooks\\index.ts": {"path":"C:\\Users\\MF\\Desktop\\JS\\src\\hooks\\index.ts","statementMap":{},"fnMap":{},"branchMap":{},"s":{},"f":{},"b":{},"_coverageSchema":"1a1c01bbd47fc00a2c39e90264f33305004495a9","hash":"a92605b2c451313f334bd556164ab824cc3a4e5a"}
,"C:\\Users\\MF\\Desktop\\JS\\src\\hooks\\useModal.tsx": {"path":"C:\\Users\\MF\\Desktop\\JS\\src\\hooks\\useModal.tsx","statementMap":{"0":{"start":{"line":6,"column":18},"end":{"line":6,"column":56}},"1":{"start":{"line":10,"column":24},"end":{"line":37,"column":1}},"2":{"start":{"line":14,"column":18},"end":{"line":14,"column":40}},"3":{"start":{"line":15,"column":21},"end":{"line":15,"column":40}},"4":{"start":{"line":17,"column":22},"end":{"line":20,"column":15}},"5":{"start":{"line":18,"column":8},"end":{"line":18,"column":55}},"6":{"start":{"line":19,"column":8},"end":{"line":19,"column":41}},"7":{"start":{"line":22,"column":23},"end":{"line":25,"column":15}},"8":{"start":{"line":23,"column":8},"end":{"line":23,"column":53}},"9":{"start":{"line":24,"column":8},"end":{"line":24,"column":42}},"10":{"start":{"line":27,"column":19},"end":{"line":29,"column":25}},"11":{"start":{"line":27,"column":35},"end":{"line":29,"column":25}},"12":{"start":{"line":31,"column":4},"end":{"line":36,"column":5}}},"fnMap":{"0":{"name":"(anonymous_0)","decl":{"start":{"line":10,"column":24},"end":{"line":10,"column":25}},"loc":{"start":{"line":13,"column":11},"end":{"line":37,"column":1}},"line":13},"1":{"name":"(anonymous_1)","decl":{"start":{"line":17,"column":40},"end":{"line":17,"column":41}},"loc":{"start":{"line":17,"column":46},"end":{"line":20,"column":5}},"line":17},"2":{"name":"(anonymous_2)","decl":{"start":{"line":22,"column":41},"end":{"line":22,"column":42}},"loc":{"start":{"line":22,"column":47},"end":{"line":25,"column":5}},"line":22},"3":{"name":"(anonymous_3)","decl":{"start":{"line":27,"column":19},"end":{"line":27,"column":20}},"loc":{"start":{"line":27,"column":35},"end":{"line":29,"column":25}},"line":27}},"branchMap":{"0":{"loc":{"start":{"line":27,"column":35},"end":{"line":29,"column":25}},"type":"cond-expr","locations":[{"start":{"line":27,"column":43},"end":{"line":29,"column":18}},{"start":{"line":29,"column":21},"end":{"line":29,"column":25}}],"line":27}},"s":{"0":2,"1":2,"2":0,"3":0,"4":0,"5":0,"6":0,"7":0,"8":0,"9":0,"10":0,"11":0,"12":0},"f":{"0":0,"1":0,"2":0,"3":0},"b":{"0":[0,0]},"_coverageSchema":"1a1c01bbd47fc00a2c39e90264f33305004495a9","hash":"c697a4c12a3c5e798bc165b899ba5e562f210070"}
,"C:\\Users\\MF\\Desktop\\JS\\src\\hooks\\useOnClickOutside.ts": {"path":"C:\\Users\\MF\\Desktop\\JS\\src\\hooks\\useOnClickOutside.ts","statementMap":{"0":{"start":{"line":4,"column":4},"end":{"line":24,"column":6}},"1":{"start":{"line":6,"column":30},"end":{"line":12,"column":9}},"2":{"start":{"line":7,"column":10},"end":{"line":9,"column":11}},"3":{"start":{"line":8,"column":12},"end":{"line":8,"column":19}},"4":{"start":{"line":11,"column":10},"end":{"line":11,"column":25}},"5":{"start":{"line":14,"column":8},"end":{"line":14,"column":57}},"6":{"start":{"line":15,"column":8},"end":{"line":15,"column":58}},"7":{"start":{"line":17,"column":8},"end":{"line":20,"column":10}},"8":{"start":{"line":18,"column":10},"end":{"line":18,"column":62}},"9":{"start":{"line":19,"column":10},"end":{"line":19,"column":63}}},"fnMap":{"0":{"name":"useOnClickOutside","decl":{"start":{"line":3,"column":16},"end":{"line":3,"column":33}},"loc":{"start":{"line":3,"column":92},"end":{"line":25,"column":3}},"line":3},"1":{"name":"(anonymous_1)","decl":{"start":{"line":5,"column":6},"end":{"line":5,"column":7}},"loc":{"start":{"line":5,"column":12},"end":{"line":21,"column":7}},"line":5},"2":{"name":"(anonymous_2)","decl":{"start":{"line":6,"column":30},"end":{"line":6,"column":31}},"loc":{"start":{"line":6,"column":59},"end":{"line":12,"column":9}},"line":6},"3":{"name":"(anonymous_3)","decl":{"start":{"line":17,"column":15},"end":{"line":17,"column":16}},"loc":{"start":{"line":17,"column":21},"end":{"line":20,"column":9}},"line":17}},"branchMap":{"0":{"loc":{"start":{"line":7,"column":10},"end":{"line":9,"column":11}},"type":"if","locations":[{"start":{"line":7,"column":10},"end":{"line":9,"column":11}},{"start":{"line":7,"column":10},"end":{"line":9,"column":11}}],"line":7},"1":{"loc":{"start":{"line":7,"column":14},"end":{"line":7,"column":64}},"type":"binary-expr","locations":[{"start":{"line":7,"column":14},"end":{"line":7,"column":26}},{"start":{"line":7,"column":30},"end":{"line":7,"column":64}}],"line":7}},"s":{"0":0,"1":0,"2":0,"3":0,"4":0,"5":0,"6":0,"7":0,"8":0,"9":0},"f":{"0":0,"1":0,"2":0,"3":0},"b":{"0":[0,0],"1":[0,0]},"_coverageSchema":"1a1c01bbd47fc00a2c39e90264f33305004495a9","hash":"f1db6c6fbf6d73404a2a5b43d7b799e4070741ca"}
,"C:\\Users\\MF\\Desktop\\JS\\src\\hooks\\useQuery.ts": {"path":"C:\\Users\\MF\\Desktop\\JS\\src\\hooks\\useQuery.ts","statementMap":{"0":{"start":{"line":5,"column":24},"end":{"line":7,"column":1}},"1":{"start":{"line":6,"column":4},"end":{"line":6,"column":53}}},"fnMap":{"0":{"name":"(anonymous_0)","decl":{"start":{"line":5,"column":24},"end":{"line":5,"column":25}},"loc":{"start":{"line":5,"column":30},"end":{"line":7,"column":1}},"line":5}},"branchMap":{},"s":{"0":2,"1":0},"f":{"0":0},"b":{},"_coverageSchema":"1a1c01bbd47fc00a2c39e90264f33305004495a9","hash":"9e4277285392af83e46708732420b60e898285df"}
,"C:\\Users\\MF\\Desktop\\JS\\src\\pages\\home\\components\\buttons\\AddMovie.tsx": {"path":"C:\\Users\\MF\\Desktop\\JS\\src\\pages\\home\\components\\buttons\\AddMovie.tsx","statementMap":{"0":{"start":{"line":5,"column":11},"end":{"line":5,"column":26}},"1":{"start":{"line":9,"column":5},"end":{"line":29,"column":1}},"2":{"start":{"line":10,"column":23},"end":{"line":15,"column":5}},"3":{"start":{"line":16,"column":27},"end":{"line":20,"column":5}},"4":{"start":{"line":22,"column":4},"end":{"line":28,"column":5}}},"fnMap":{"0":{"name":"(anonymous_0)","decl":{"start":{"line":9,"column":5},"end":{"line":9,"column":6}},"loc":{"start":{"line":9,"column":22},"end":{"line":29,"column":1}},"line":9}},"branchMap":{},"s":{"0":1,"1":1,"2":0,"3":0,"4":0},"f":{"0":0},"b":{},"_coverageSchema":"1a1c01bbd47fc00a2c39e90264f33305004495a9","hash":"b295b2ae6abfdf1baf2cafc0bd65933e3c3c9cfc"}
,"C:\\Users\\MF\\Desktop\\JS\\src\\pages\\home\\components\\buttons\\Search.tsx": {"path":"C:\\Users\\MF\\Desktop\\JS\\src\\pages\\home\\components\\buttons\\Search.tsx","statementMap":{"0":{"start":{"line":5,"column":11},"end":{"line":5,"column":26}},"1":{"start":{"line":9,"column":5},"end":{"line":30,"column":1}},"2":{"start":{"line":12,"column":18},"end":{"line":17,"column":5}},"3":{"start":{"line":19,"column":25},"end":{"line":23,"column":5}},"4":{"start":{"line":25,"column":4},"end":{"line":29,"column":5}}},"fnMap":{"0":{"name":"(anonymous_0)","decl":{"start":{"line":9,"column":5},"end":{"line":9,"column":6}},"loc":{"start":{"line":11,"column":5},"end":{"line":30,"column":1}},"line":11}},"branchMap":{},"s":{"0":1,"1":1,"2":1,"3":1,"4":1},"f":{"0":1},"b":{},"_coverageSchema":"1a1c01bbd47fc00a2c39e90264f33305004495a9","hash":"4dc4a20ebd6aa9efbe362d546b83f75afa8b3d3c"}
,"C:\\Users\\MF\\Desktop\\JS\\src\\pages\\home\\components\\buttons\\index.ts": {"path":"C:\\Users\\MF\\Desktop\\JS\\src\\pages\\home\\components\\buttons\\index.ts","statementMap":{},"fnMap":{},"branchMap":{},"s":{},"f":{},"b":{},"_coverageSchema":"1a1c01bbd47fc00a2c39e90264f33305004495a9","hash":"592dcf46cedab5405ee9acfe63a2ed29bb2b085c"}
,"C:\\Users\\MF\\Desktop\\JS\\src\\pages\\home\\components\\counter\\Counter.tsx": {"path":"C:\\Users\\MF\\Desktop\\JS\\src\\pages\\home\\components\\counter\\Counter.tsx","statementMap":{"0":{"start":{"line":4,"column":11},"end":{"line":4,"column":26}},"1":{"start":{"line":6,"column":59},"end":{"line":33,"column":1}},"2":{"start":{"line":8,"column":22},"end":{"line":10,"column":5}},"3":{"start":{"line":12,"column":20},"end":{"line":18,"column":5}},"4":{"start":{"line":20,"column":26},"end":{"line":25,"column":5}},"5":{"start":{"line":27,"column":4},"end":{"line":32,"column":5}}},"fnMap":{"0":{"name":"(anonymous_0)","decl":{"start":{"line":6,"column":59},"end":{"line":6,"column":60}},"loc":{"start":{"line":6,"column":72},"end":{"line":33,"column":1}},"line":6}},"branchMap":{},"s":{"0":1,"1":1,"2":1,"3":1,"4":1,"5":1},"f":{"0":1},"b":{},"_coverageSchema":"1a1c01bbd47fc00a2c39e90264f33305004495a9","hash":"7ed751813ade3f19729f298577962bfda34ef20b"}
,"C:\\Users\\MF\\Desktop\\JS\\src\\pages\\home\\components\\header\\search-form\\SearchForm.tsx": {"path":"C:\\Users\\MF\\Desktop\\JS\\src\\pages\\home\\components\\header\\search-form\\SearchForm.tsx","statementMap":{"0":{"start":{"line":10,"column":11},"end":{"line":10,"column":26}},"1":{"start":{"line":12,"column":40},"end":{"line":48,"column":1}},"2":{"start":{"line":13,"column":32},"end":{"line":13,"column":44}},"3":{"start":{"line":14,"column":20},"end":{"line":14,"column":32}},"4":{"start":{"line":16,"column":28},"end":{"line":19,"column":10}},"5":{"start":{"line":17,"column":22},"end":{"line":17,"column":36}},"6":{"start":{"line":18,"column":8},"end":{"line":18,"column":25}},"7":{"start":{"line":21,"column":28},"end":{"line":23,"column":16}},"8":{"start":{"line":22,"column":8},"end":{"line":22,"column":43}},"9":{"start":{"line":25,"column":26},"end":{"line":29,"column":5}},"10":{"start":{"line":31,"column":23},"end":{"line":34,"column":5}},"11":{"start":{"line":36,"column":25},"end":{"line":40,"column":5}},"12":{"start":{"line":42,"column":4},"end":{"line":47,"column":5}}},"fnMap":{"0":{"name":"(anonymous_0)","decl":{"start":{"line":12,"column":40},"end":{"line":12,"column":41}},"loc":{"start":{"line":12,"column":46},"end":{"line":48,"column":1}},"line":12},"1":{"name":"(anonymous_1)","decl":{"start":{"line":16,"column":40},"end":{"line":16,"column":41}},"loc":{"start":{"line":16,"column":84},"end":{"line":19,"column":5}},"line":16},"2":{"name":"(anonymous_2)","decl":{"start":{"line":21,"column":40},"end":{"line":21,"column":41}},"loc":{"start":{"line":21,"column":46},"end":{"line":23,"column":5}},"line":21}},"branchMap":{},"s":{"0":1,"1":1,"2":1,"3":1,"4":1,"5":0,"6":0,"7":1,"8":0,"9":1,"10":1,"11":1,"12":1},"f":{"0":1,"1":0,"2":0},"b":{},"_coverageSchema":"1a1c01bbd47fc00a2c39e90264f33305004495a9","hash":"b548581e0109719ce0f1660a3644117543428e0c"}
,"C:\\Users\\MF\\Desktop\\JS\\src\\pages\\home\\components\\header\\search-form\\SearchMovie.tsx": {"path":"C:\\Users\\MF\\Desktop\\JS\\src\\pages\\home\\components\\header\\search-form\\SearchMovie.tsx","statementMap":{"0":{"start":{"line":6,"column":11},"end":{"line":6,"column":26}},"1":{"start":{"line":8,"column":41},"end":{"line":15,"column":1}},"2":{"start":{"line":9,"column":4},"end":{"line":14,"column":5}}},"fnMap":{"0":{"name":"(anonymous_0)","decl":{"start":{"line":8,"column":41},"end":{"line":8,"column":42}},"loc":{"start":{"line":8,"column":47},"end":{"line":15,"column":1}},"line":8}},"branchMap":{},"s":{"0":1,"1":1,"2":1},"f":{"0":1},"b":{},"_coverageSchema":"1a1c01bbd47fc00a2c39e90264f33305004495a9","hash":"9c4d14db60dc6f0cb94e38af6e5dc533b447264b"}
,"C:\\Users\\MF\\Desktop\\JS\\src\\pages\\home\\components\\modals\\add-movie\\AddMovieModal.tsx": {"path":"C:\\Users\\MF\\Desktop\\JS\\src\\pages\\home\\components\\modals\\add-movie\\AddMovieModal.tsx","statementMap":{"0":{"start":{"line":16,"column":19},"end":{"line":23,"column":1}},"1":{"start":{"line":28,"column":5},"end":{"line":53,"column":1}},"2":{"start":{"line":33,"column":4},"end":{"line":52,"column":5}},"3":{"start":{"line":37,"column":16},"end":{"line":48,"column":23}},"4":{"start":{"line":60,"column":5},"end":{"line":98,"column":1}},"5":{"start":{"line":64,"column":24},"end":{"line":75,"column":10}},"6":{"start":{"line":65,"column":33},"end":{"line":65,"column":75}},"7":{"start":{"line":65,"column":65},"end":{"line":65,"column":74}},"8":{"start":{"line":67,"column":8},"end":{"line":74,"column":11}},"9":{"start":{"line":77,"column":24},"end":{"line":80,"column":10}},"10":{"start":{"line":78,"column":8},"end":{"line":78,"column":29}},"11":{"start":{"line":79,"column":8},"end":{"line":79,"column":21}},"12":{"start":{"line":82,"column":26},"end":{"line":89,"column":10}},"13":{"start":{"line":83,"column":8},"end":{"line":88,"column":9}},"14":{"start":{"line":84,"column":12},"end":{"line":84,"column":38}},"15":{"start":{"line":85,"column":12},"end":{"line":85,"column":26}},"16":{"start":{"line":87,"column":12},"end":{"line":87,"column":20}},"17":{"start":{"line":91,"column":4},"end":{"line":97,"column":5}}},"fnMap":{"0":{"name":"(anonymous_0)","decl":{"start":{"line":28,"column":5},"end":{"line":28,"column":6}},"loc":{"start":{"line":31,"column":6},"end":{"line":53,"column":1}},"line":31},"1":{"name":"(anonymous_1)","decl":{"start":{"line":36,"column":12},"end":{"line":36,"column":13}},"loc":{"start":{"line":37,"column":16},"end":{"line":48,"column":23}},"line":37},"2":{"name":"(anonymous_2)","decl":{"start":{"line":60,"column":5},"end":{"line":60,"column":6}},"loc":{"start":{"line":63,"column":6},"end":{"line":98,"column":1}},"line":63},"3":{"name":"(anonymous_3)","decl":{"start":{"line":64,"column":36},"end":{"line":64,"column":37}},"loc":{"start":{"line":64,"column":64},"end":{"line":75,"column":5}},"line":64},"4":{"name":"(anonymous_4)","decl":{"start":{"line":65,"column":60},"end":{"line":65,"column":61}},"loc":{"start":{"line":65,"column":65},"end":{"line":65,"column":74}},"line":65},"5":{"name":"(anonymous_5)","decl":{"start":{"line":77,"column":42},"end":{"line":77,"column":43}},"loc":{"start":{"line":77,"column":48},"end":{"line":80,"column":5}},"line":77},"6":{"name":"(anonymous_6)","decl":{"start":{"line":82,"column":44},"end":{"line":82,"column":45}},"loc":{"start":{"line":82,"column":78},"end":{"line":89,"column":5}},"line":82}},"branchMap":{"0":{"loc":{"start":{"line":78,"column":8},"end":{"line":78,"column":28}},"type":"binary-expr","locations":[{"start":{"line":78,"column":8},"end":{"line":78,"column":15}},{"start":{"line":78,"column":19},"end":{"line":78,"column":28}}],"line":78}},"s":{"0":1,"1":1,"2":4,"3":361,"4":1,"5":1,"6":0,"7":0,"8":0,"9":1,"10":0,"11":0,"12":1,"13":0,"14":0,"15":0,"16":0,"17":1},"f":{"0":4,"1":361,"2":1,"3":0,"4":0,"5":0,"6":0},"b":{"0":[0,0]},"_coverageSchema":"1a1c01bbd47fc00a2c39e90264f33305004495a9","hash":"df963269799780938e02cd637fce6a10133442bd"}
,"C:\\Users\\MF\\Desktop\\JS\\src\\services\\HomeService.ts": {"path":"C:\\Users\\MF\\Desktop\\JS\\src\\services\\HomeService.ts","statementMap":{"0":{"start":{"line":35,"column":21},"end":{"line":37,"column":1}},"1":{"start":{"line":46,"column":17},"end":{"line":49,"column":1}},"2":{"start":{"line":53,"column":30},"end":{"line":61,"column":5}},"3":{"start":{"line":54,"column":30},"end":{"line":58,"column":27}},"4":{"start":{"line":56,"column":39},"end":{"line":56,"column":44}},"5":{"start":{"line":57,"column":16},"end":{"line":57,"column":53}},"6":{"start":{"line":60,"column":8},"end":{"line":60,"column":24}},"7":{"start":{"line":63,"column":32},"end":{"line":75,"column":5}},"8":{"start":{"line":64,"column":30},"end":{"line":72,"column":10}},"9":{"start":{"line":70,"column":45},"end":{"line":70,"column":86}},"10":{"start":{"line":74,"column":7},"end":{"line":74,"column":23}},"11":{"start":{"line":77,"column":32},"end":{"line":89,"column":5}},"12":{"start":{"line":78,"column":30},"end":{"line":86,"column":10}},"13":{"start":{"line":84,"column":45},"end":{"line":84,"column":106}},"14":{"start":{"line":88,"column":7},"end":{"line":88,"column":23}},"15":{"start":{"line":91,"column":32},"end":{"line":98,"column":5}},"16":{"start":{"line":92,"column":30},"end":{"line":95,"column":10}},"17":{"start":{"line":97,"column":7},"end":{"line":97,"column":23}},"18":{"start":{"line":100,"column":29},"end":{"line":103,"column":5}},"19":{"start":{"line":101,"column":30},"end":{"line":101,"column":72}},"20":{"start":{"line":102,"column":8},"end":{"line":102,"column":24}}},"fnMap":{"0":{"name":"(anonymous_0)","decl":{"start":{"line":53,"column":30},"end":{"line":53,"column":31}},"loc":{"start":{"line":53,"column":61},"end":{"line":61,"column":5}},"line":53},"1":{"name":"(anonymous_1)","decl":{"start":{"line":55,"column":70},"end":{"line":55,"column":71}},"loc":{"start":{"line":55,"column":79},"end":{"line":58,"column":13}},"line":55},"2":{"name":"(anonymous_2)","decl":{"start":{"line":63,"column":32},"end":{"line":63,"column":33}},"loc":{"start":{"line":63,"column":60},"end":{"line":75,"column":5}},"line":63},"3":{"name":"(anonymous_3)","decl":{"start":{"line":70,"column":16},"end":{"line":70,"column":17}},"loc":{"start":{"line":70,"column":45},"end":{"line":70,"column":86}},"line":70},"4":{"name":"(anonymous_4)","decl":{"start":{"line":77,"column":32},"end":{"line":77,"column":33}},"loc":{"start":{"line":77,"column":60},"end":{"line":89,"column":5}},"line":77},"5":{"name":"(anonymous_5)","decl":{"start":{"line":84,"column":16},"end":{"line":84,"column":17}},"loc":{"start":{"line":84,"column":45},"end":{"line":84,"column":106}},"line":84},"6":{"name":"(anonymous_6)","decl":{"start":{"line":91,"column":32},"end":{"line":91,"column":33}},"loc":{"start":{"line":91,"column":60},"end":{"line":98,"column":5}},"line":91},"7":{"name":"(anonymous_7)","decl":{"start":{"line":100,"column":29},"end":{"line":100,"column":30}},"loc":{"start":{"line":100,"column":60},"end":{"line":103,"column":5}},"line":100}},"branchMap":{"0":{"loc":{"start":{"line":55,"column":53},"end":{"line":55,"column":64}},"type":"binary-expr","locations":[{"start":{"line":55,"column":53},"end":{"line":55,"column":58}},{"start":{"line":55,"column":62},"end":{"line":55,"column":64}}],"line":55},"1":{"loc":{"start":{"line":57,"column":26},"end":{"line":57,"column":35}},"type":"binary-expr","locations":[{"start":{"line":57,"column":26},"end":{"line":57,"column":29}},{"start":{"line":57,"column":33},"end":{"line":57,"column":35}}],"line":57},"2":{"loc":{"start":{"line":57,"column":39},"end":{"line":57,"column":50}},"type":"binary-expr","locations":[{"start":{"line":57,"column":39},"end":{"line":57,"column":44}},{"start":{"line":57,"column":48},"end":{"line":57,"column":50}}],"line":57},"3":{"loc":{"start":{"line":70,"column":45},"end":{"line":70,"column":86}},"type":"cond-expr","locations":[{"start":{"line":70,"column":65},"end":{"line":70,"column":78}},{"start":{"line":70,"column":81},"end":{"line":70,"column":86}}],"line":70},"4":{"loc":{"start":{"line":84,"column":45},"end":{"line":84,"column":106}},"type":"cond-expr","locations":[{"start":{"line":84,"column":85},"end":{"line":84,"column":98}},{"start":{"line":84,"column":101},"end":{"line":84,"column":106}}],"line":84},"5":{"loc":{"start":{"line":84,"column":45},"end":{"line":84,"column":82}},"type":"binary-expr","locations":[{"start":{"line":84,"column":46},"end":{"line":84,"column":63}},{"start":{"line":84,"column":69},"end":{"line":84,"column":81}}],"line":84}},"s":{"0":2,"1":2,"2":2,"3":0,"4":0,"5":0,"6":0,"7":2,"8":0,"9":0,"10":0,"11":2,"12":0,"13":0,"14":0,"15":2,"16":0,"17":0,"18":2,"19":0,"20":0},"f":{"0":0,"1":0,"2":0,"3":0,"4":0,"5":0,"6":0,"7":0},"b":{"0":[0,0],"1":[0,0],"2":[0,0],"3":[0,0],"4":[0,0],"5":[0,0]},"_coverageSchema":"1a1c01bbd47fc00a2c39e90264f33305004495a9","hash":"94e5cf82cb57c0ffbc82c3c894c33f31a62a0c79"}
,"C:\\Users\\MF\\Desktop\\JS\\src\\services\\index.ts": {"path":"C:\\Users\\MF\\Desktop\\JS\\src\\services\\index.ts","statementMap":{},"fnMap":{},"branchMap":{},"s":{},"f":{},"b":{},"_coverageSchema":"1a1c01bbd47fc00a2c39e90264f33305004495a9","hash":"a251decfa3017c77d7dfe7812223faf3a9afb5b1"}
,"C:\\Users\\MF\\Desktop\\JS\\src\\services\\routes.ts": {"path":"C:\\Users\\MF\\Desktop\\JS\\src\\services\\routes.ts","statementMap":{"0":{"start":{"line":1,"column":19},"end":{"line":1,"column":42}},"1":{"start":{"line":2,"column":22},"end":{"line":2,"column":30}}},"fnMap":{},"branchMap":{},"s":{"0":2,"1":2},"f":{},"b":{},"_coverageSchema":"1a1c01bbd47fc00a2c39e90264f33305004495a9","hash":"c70d77b32a49db66ed29913571846a3f86ae5f39"}
,"C:\\Users\\MF\\Desktop\\JS\\src\\store\\index.ts": {"path":"C:\\Users\\MF\\Desktop\\JS\\src\\store\\index.ts","statementMap":{"0":{"start":{"line":6,"column":29},"end":{"line":11,"column":1}},"1":{"start":{"line":7,"column":4},"end":{"line":10,"column":6}},"2":{"start":{"line":8,"column":26},"end":{"line":8,"column":47}},"3":{"start":{"line":9,"column":8},"end":{"line":9,"column":60}},"4":{"start":{"line":13,"column":30},"end":{"line":20,"column":1}},"5":{"start":{"line":14,"column":4},"end":{"line":19,"column":6}}},"fnMap":{"0":{"name":"(anonymous_0)","decl":{"start":{"line":6,"column":29},"end":{"line":6,"column":30}},"loc":{"start":{"line":6,"column":67},"end":{"line":11,"column":1}},"line":6},"1":{"name":"(anonymous_1)","decl":{"start":{"line":7,"column":11},"end":{"line":7,"column":12}},"loc":{"start":{"line":7,"column":50},"end":{"line":10,"column":5}},"line":7},"2":{"name":"(anonymous_2)","decl":{"start":{"line":13,"column":30},"end":{"line":13,"column":31}},"loc":{"start":{"line":13,"column":36},"end":{"line":20,"column":1}},"line":13}},"branchMap":{"0":{"loc":{"start":{"line":6,"column":30},"end":{"line":6,"column":47}},"type":"default-arg","locations":[{"start":{"line":6,"column":45},"end":{"line":6,"column":47}}],"line":6},"1":{"loc":{"start":{"line":7,"column":12},"end":{"line":7,"column":32}},"type":"default-arg","locations":[{"start":{"line":7,"column":20},"end":{"line":7,"column":32}}],"line":7},"2":{"loc":{"start":{"line":9,"column":15},"end":{"line":9,"column":59}},"type":"cond-expr","locations":[{"start":{"line":9,"column":27},"end":{"line":9,"column":51}},{"start":{"line":9,"column":54},"end":{"line":9,"column":59}}],"line":9}},"s":{"0":1,"1":1,"2":7,"3":7,"4":1,"5":0},"f":{"0":1,"1":7,"2":0},"b":{"0":[0],"1":[0],"2":[7,0]},"_coverageSchema":"1a1c01bbd47fc00a2c39e90264f33305004495a9","hash":"ca60ae6aafaaf2bb5c681cb9abe68c9de057f399"}
,"C:\\Users\\MF\\Desktop\\JS\\src\\store\\movies\\actions.ts": {"path":"C:\\Users\\MF\\Desktop\\JS\\src\\store\\movies\\actions.ts","statementMap":{"0":{"start":{"line":15,"column":25},"end":{"line":18,"column":2}},"1":{"start":{"line":15,"column":51},"end":{"line":18,"column":1}},"2":{"start":{"line":19,"column":27},"end":{"line":26,"column":1}},"3":{"start":{"line":19,"column":52},"end":{"line":26,"column":1}},"4":{"start":{"line":20,"column":4},"end":{"line":25,"column":5}},"5":{"start":{"line":21,"column":21},"end":{"line":21,"column":56}},"6":{"start":{"line":22,"column":8},"end":{"line":22,"column":34}},"7":{"start":{"line":24,"column":8},"end":{"line":24,"column":16}},"8":{"start":{"line":28,"column":27},"end":{"line":31,"column":2}},"9":{"start":{"line":28,"column":52},"end":{"line":31,"column":1}},"10":{"start":{"line":32,"column":31},"end":{"line":35,"column":1}},"11":{"start":{"line":32,"column":53},"end":{"line":35,"column":1}},"12":{"start":{"line":33,"column":4},"end":{"line":33,"column":33}},"13":{"start":{"line":34,"column":4},"end":{"line":34,"column":41}},"14":{"start":{"line":37,"column":33},"end":{"line":40,"column":2}},"15":{"start":{"line":37,"column":58},"end":{"line":40,"column":1}},"16":{"start":{"line":41,"column":27},"end":{"line":44,"column":1}},"17":{"start":{"line":41,"column":49},"end":{"line":44,"column":1}},"18":{"start":{"line":42,"column":4},"end":{"line":42,"column":39}},"19":{"start":{"line":43,"column":4},"end":{"line":43,"column":41}},"20":{"start":{"line":46,"column":35},"end":{"line":49,"column":2}},"21":{"start":{"line":46,"column":59},"end":{"line":49,"column":1}},"22":{"start":{"line":51,"column":36},"end":{"line":54,"column":2}},"23":{"start":{"line":51,"column":58},"end":{"line":54,"column":1}},"24":{"start":{"line":56,"column":30},"end":{"line":59,"column":2}},"25":{"start":{"line":56,"column":54},"end":{"line":59,"column":1}},"26":{"start":{"line":61,"column":25},"end":{"line":64,"column":2}},"27":{"start":{"line":61,"column":47},"end":{"line":64,"column":1}}},"fnMap":{"0":{"name":"(anonymous_0)","decl":{"start":{"line":15,"column":25},"end":{"line":15,"column":26}},"loc":{"start":{"line":15,"column":51},"end":{"line":18,"column":1}},"line":15},"1":{"name":"(anonymous_1)","decl":{"start":{"line":19,"column":27},"end":{"line":19,"column":28}},"loc":{"start":{"line":19,"column":52},"end":{"line":26,"column":1}},"line":19},"2":{"name":"(anonymous_2)","decl":{"start":{"line":19,"column":52},"end":{"line":19,"column":53}},"loc":{"start":{"line":19,"column":82},"end":{"line":26,"column":1}},"line":19},"3":{"name":"(anonymous_3)","decl":{"start":{"line":28,"column":27},"end":{"line":28,"column":28}},"loc":{"start":{"line":28,"column":52},"end":{"line":31,"column":1}},"line":28},"4":{"name":"(anonymous_4)","decl":{"start":{"line":32,"column":31},"end":{"line":32,"column":32}},"loc":{"start":{"line":32,"column":53},"end":{"line":35,"column":1}},"line":32},"5":{"name":"(anonymous_5)","decl":{"start":{"line":32,"column":53},"end":{"line":32,"column":54}},"loc":{"start":{"line":32,"column":83},"end":{"line":35,"column":1}},"line":32},"6":{"name":"(anonymous_6)","decl":{"start":{"line":37,"column":33},"end":{"line":37,"column":34}},"loc":{"start":{"line":37,"column":58},"end":{"line":40,"column":1}},"line":37},"7":{"name":"(anonymous_7)","decl":{"start":{"line":41,"column":27},"end":{"line":41,"column":28}},"loc":{"start":{"line":41,"column":49},"end":{"line":44,"column":1}},"line":41},"8":{"name":"(anonymous_8)","decl":{"start":{"line":41,"column":49},"end":{"line":41,"column":50}},"loc":{"start":{"line":41,"column":79},"end":{"line":44,"column":1}},"line":41},"9":{"name":"(anonymous_9)","decl":{"start":{"line":46,"column":35},"end":{"line":46,"column":36}},"loc":{"start":{"line":46,"column":59},"end":{"line":49,"column":1}},"line":46},"10":{"name":"(anonymous_10)","decl":{"start":{"line":51,"column":36},"end":{"line":51,"column":37}},"loc":{"start":{"line":51,"column":58},"end":{"line":54,"column":1}},"line":51},"11":{"name":"(anonymous_11)","decl":{"start":{"line":56,"column":30},"end":{"line":56,"column":31}},"loc":{"start":{"line":56,"column":54},"end":{"line":59,"column":1}},"line":56},"12":{"name":"(anonymous_12)","decl":{"start":{"line":61,"column":25},"end":{"line":61,"column":26}},"loc":{"start":{"line":61,"column":47},"end":{"line":64,"column":1}},"line":61}},"branchMap":{},"s":{"0":1,"1":0,"2":1,"3":0,"4":0,"5":0,"6":0,"7":0,"8":1,"9":0,"10":1,"11":0,"12":0,"13":0,"14":1,"15":0,"16":1,"17":0,"18":0,"19":0,"20":1,"21":0,"22":1,"23":0,"24":1,"25":0,"26":1,"27":0},"f":{"0":0,"1":0,"2":0,"3":0,"4":0,"5":0,"6":0,"7":0,"8":0,"9":0,"10":0,"11":0,"12":0},"b":{},"_coverageSchema":"1a1c01bbd47fc00a2c39e90264f33305004495a9","hash":"c0ccc3d822a30178ca6b49ba3516b022492a9133"}
,"C:\\Users\\MF\\Desktop\\JS\\src\\store\\movies\\reducers.ts": {"path":"C:\\Users\\MF\\Desktop\\JS\\src\\store\\movies\\reducers.ts","statementMap":{"0":{"start":{"line":18,"column":34},"end":{"line":101,"column":1}},"1":{"start":{"line":20,"column":8},"end":{"line":25,"column":9}},"2":{"start":{"line":21,"column":12},"end":{"line":24,"column":13}},"3":{"start":{"line":27,"column":8},"end":{"line":27,"column":28}},"4":{"start":{"line":31,"column":8},"end":{"line":36,"column":9}},"5":{"start":{"line":32,"column":12},"end":{"line":35,"column":13}},"6":{"start":{"line":34,"column":48},"end":{"line":34,"column":71}},"7":{"start":{"line":38,"column":8},"end":{"line":38,"column":28}},"8":{"start":{"line":42,"column":8},"end":{"line":47,"column":9}},"9":{"start":{"line":43,"column":12},"end":{"line":46,"column":13}},"10":{"start":{"line":45,"column":46},"end":{"line":45,"column":87}},"11":{"start":{"line":49,"column":8},"end":{"line":49,"column":28}},"12":{"start":{"line":53,"column":8},"end":{"line":62,"column":9}},"13":{"start":{"line":54,"column":12},"end":{"line":61,"column":13}},"14":{"start":{"line":57,"column":29},"end":{"line":59,"column":28}},"15":{"start":{"line":58,"column":33},"end":{"line":58,"column":56}},"16":{"start":{"line":64,"column":8},"end":{"line":64,"column":28}},"17":{"start":{"line":68,"column":23},"end":{"line":68,"column":38}},"18":{"start":{"line":69,"column":8},"end":{"line":69,"column":65}},"19":{"start":{"line":69,"column":31},"end":{"line":69,"column":62}},"20":{"start":{"line":70,"column":8},"end":{"line":75,"column":9}},"21":{"start":{"line":71,"column":12},"end":{"line":74,"column":13}},"22":{"start":{"line":77,"column":8},"end":{"line":77,"column":28}},"23":{"start":{"line":81,"column":8},"end":{"line":86,"column":9}},"24":{"start":{"line":82,"column":12},"end":{"line":85,"column":13}},"25":{"start":{"line":88,"column":8},"end":{"line":88,"column":28}},"26":{"start":{"line":92,"column":8},"end":{"line":97,"column":9}},"27":{"start":{"line":93,"column":12},"end":{"line":96,"column":13}},"28":{"start":{"line":99,"column":8},"end":{"line":99,"column":28}}},"fnMap":{"0":{"name":"(anonymous_0)","decl":{"start":{"line":19,"column":26},"end":{"line":19,"column":27}},"loc":{"start":{"line":19,"column":50},"end":{"line":28,"column":5}},"line":19},"1":{"name":"(anonymous_1)","decl":{"start":{"line":30,"column":28},"end":{"line":30,"column":29}},"loc":{"start":{"line":30,"column":52},"end":{"line":39,"column":5}},"line":30},"2":{"name":"(anonymous_2)","decl":{"start":{"line":34,"column":39},"end":{"line":34,"column":40}},"loc":{"start":{"line":34,"column":48},"end":{"line":34,"column":71}},"line":34},"3":{"name":"(anonymous_3)","decl":{"start":{"line":41,"column":35},"end":{"line":41,"column":36}},"loc":{"start":{"line":41,"column":59},"end":{"line":50,"column":5}},"line":41},"4":{"name":"(anonymous_4)","decl":{"start":{"line":45,"column":37},"end":{"line":45,"column":38}},"loc":{"start":{"line":45,"column":46},"end":{"line":45,"column":87}},"line":45},"5":{"name":"(anonymous_5)","decl":{"start":{"line":52,"column":38},"end":{"line":52,"column":39}},"loc":{"start":{"line":52,"column":62},"end":{"line":65,"column":5}},"line":52},"6":{"name":"(anonymous_6)","decl":{"start":{"line":57,"column":20},"end":{"line":57,"column":21}},"loc":{"start":{"line":57,"column":29},"end":{"line":59,"column":28}},"line":57},"7":{"name":"(anonymous_7)","decl":{"start":{"line":58,"column":24},"end":{"line":58,"column":25}},"loc":{"start":{"line":58,"column":33},"end":{"line":58,"column":56}},"line":58},"8":{"name":"(anonymous_8)","decl":{"start":{"line":67,"column":39},"end":{"line":67,"column":40}},"loc":{"start":{"line":67,"column":63},"end":{"line":78,"column":5}},"line":67},"9":{"name":"(anonymous_9)","decl":{"start":{"line":69,"column":20},"end":{"line":69,"column":21}},"loc":{"start":{"line":69,"column":31},"end":{"line":69,"column":62}},"line":69},"10":{"name":"(anonymous_10)","decl":{"start":{"line":80,"column":32},"end":{"line":80,"column":33}},"loc":{"start":{"line":80,"column":56},"end":{"line":89,"column":5}},"line":80},"11":{"name":"(anonymous_11)","decl":{"start":{"line":91,"column":27},"end":{"line":91,"column":28}},"loc":{"start":{"line":91,"column":51},"end":{"line":100,"column":5}},"line":91}},"branchMap":{"0":{"loc":{"start":{"line":20,"column":8},"end":{"line":25,"column":9}},"type":"if","locations":[{"start":{"line":20,"column":8},"end":{"line":25,"column":9}},{"start":{"line":20,"column":8},"end":{"line":25,"column":9}}],"line":20},"1":{"loc":{"start":{"line":31,"column":8},"end":{"line":36,"column":9}},"type":"if","locations":[{"start":{"line":31,"column":8},"end":{"line":36,"column":9}},{"start":{"line":31,"column":8},"end":{"line":36,"column":9}}],"line":31},"2":{"loc":{"start":{"line":42,"column":8},"end":{"line":47,"column":9}},"type":"if","locations":[{"start":{"line":42,"column":8},"end":{"line":47,"column":9}},{"start":{"line":42,"column":8},"end":{"line":47,"column":9}}],"line":42},"3":{"loc":{"start":{"line":45,"column":46},"end":{"line":45,"column":87}},"type":"cond-expr","locations":[{"start":{"line":45,"column":72},"end":{"line":45,"column":79}},{"start":{"line":45,"column":82},"end":{"line":45,"column":87}}],"line":45},"4":{"loc":{"start":{"line":53,"column":8},"end":{"line":62,"column":9}},"type":"if","locations":[{"start":{"line":53,"column":8},"end":{"line":62,"column":9}},{"start":{"line":53,"column":8},"end":{"line":62,"column":9}}],"line":53},"5":{"loc":{"start":{"line":70,"column":8},"end":{"line":75,"column":9}},"type":"if","locations":[{"start":{"line":70,"column":8},"end":{"line":75,"column":9}},{"start":{"line":70,"column":8},"end":{"line":75,"column":9}}],"line":70},"6":{"loc":{"start":{"line":81,"column":8},"end":{"line":86,"column":9}},"type":"if","locations":[{"start":{"line":81,"column":8},"end":{"line":86,"column":9}},{"start":{"line":81,"column":8},"end":{"line":86,"column":9}}],"line":81},"7":{"loc":{"start":{"line":92,"column":8},"end":{"line":97,"column":9}},"type":"if","locations":[{"start":{"line":92,"column":8},"end":{"line":97,"column":9}},{"start":{"line":92,"column":8},"end":{"line":97,"column":9}}],"line":92}},"s":{"0":1,"1":1,"2":1,"3":0,"4":1,"5":1,"6":1,"7":0,"8":1,"9":1,"10":3,"11":0,"12":1,"13":1,"14":3,"15":4,"16":0,"17":1,"18":1,"19":4,"20":1,"21":1,"22":0,"23":1,"24":1,"25":0,"26":1,"27":1,"28":0},"f":{"0":1,"1":1,"2":1,"3":1,"4":3,"5":1,"6":3,"7":4,"8":1,"9":4,"10":1,"11":1},"b":{"0":[1,0],"1":[1,0],"2":[1,0],"3":[1,2],"4":[1,0],"5":[1,0],"6":[1,0],"7":[1,0]},"_coverageSchema":"1a1c01bbd47fc00a2c39e90264f33305004495a9","hash":"e3eafa0499c1b7483f1519dd7b013de4a1fc447f"}
,"C:\\Users\\MF\\Desktop\\JS\\src\\store\\movies\\state.ts": {"path":"C:\\Users\\MF\\Desktop\\JS\\src\\store\\movies\\state.ts","statementMap":{"0":{"start":{"line":18,"column":32},"end":{"line":27,"column":1}}},"fnMap":{},"branchMap":{},"s":{"0":1},"f":{},"b":{},"_coverageSchema":"1a1c01bbd47fc00a2c39e90264f33305004495a9","hash":"e4af19a0ad98291f4e1618d6886fd303e3557c60"}
,"C:\\Users\\MF\\Desktop\\JS\\src\\store\\reducers\\index.ts": {"path":"C:\\Users\\MF\\Desktop\\JS\\src\\store\\reducers\\index.ts","statementMap":{},"fnMap":{},"branchMap":{},"s":{},"f":{},"b":{},"_coverageSchema":"1a1c01bbd47fc00a2c39e90264f33305004495a9","hash":"f2d6ddd88f5f9be1b8cdb005178d32f9b806a004"}
}
